#
# A fatal error has been detected by the Java Runtime Environment:
#
#  SIGSEGV (0xb) at pc=0x00007f932137e1c0, pid=13201, tid=13256
#
# JRE version: OpenJDK Runtime Environment Temurin-17.0.7+7 (17.0.7+7) (build 17.0.7+7)
# Java VM: OpenJDK 64-Bit Server VM Temurin-17.0.7+7 (17.0.7+7, mixed mode, emulated-client, tiered, compressed oops, compressed class ptrs, g1 gc, linux-amd64)
# Problematic frame:
# C  0x00007f932137e1c0
#
# No core dump will be written. Core dumps have been disabled. To enable core dumping, try "ulimit -c unlimited" before starting Java again
#
# If you would like to submit a bug report, please visit:
#   https://github.com/adoptium/adoptium-support/issues
#

---------------  S U M M A R Y ------------

Command Line: -XX:+HeapDumpOnOutOfMemoryError -Xmx1024m -Dsts.lsp.client=vscode -Dsts.log.file=/logfile -XX:TieredStopAtLevel=1 -Xlog:jni+resolve=off -Dspring.config.location=file:/root/.vscode/extensions/vmware.vscode-spring-boot-1.47.0/language-server/BOOT-INF/classes/application.properties org.springframework.ide.vscode.boot.app.BootLanguageServerBootApp

Host: AMD FX(tm)-8350 Eight-Core Processor, 8 cores, 11G, Debian GNU/Linux 11 (bullseye)
Time: Sun Jul 16 09:18:26 2023 -03 elapsed time: 4.342213 seconds (0d 0h 0m 4s)

---------------  T H R E A D  ---------------

Current thread (0x00007f930000dba0):  GCTaskThread "GC Thread#7" [stack: 0x00007f92cf9f6000,0x00007f92cfaf6000] [id=13256]

Stack: [0x00007f92cf9f6000,0x00007f92cfaf6000],  sp=0x00007f92cfaf4a28,  free space=1018k
Native frames: (J=compiled Java code, j=interpreted, Vv=VM code, C=native code)
C  0x00007f932137e1c0
V  [libjvm.so+0x7539e0]  G1ScanHRForRegionClosure::scan_heap_roots(HeapRegion*)+0x520
V  [libjvm.so+0x74b2a7]  G1RemSet::scan_heap_roots(G1ParScanThreadState*, unsigned int, G1GCPhaseTimes::GCParPhases, G1GCPhaseTimes::GCParPhases, bool)+0x1a7
V  [libjvm.so+0x6f46db]  G1EvacuateRegionsTask::scan_roots(G1ParScanThreadState*, unsigned int)+0x4b
V  [libjvm.so+0x6f4f33]  G1EvacuateRegionsBaseTask::work(unsigned int)+0x83
V  [libjvm.so+0xf14b7f]  GangWorker::loop()+0x5f
V  [libjvm.so+0xf14bdf]
V  [libjvm.so+0xe65c10]  Thread::call_run()+0xc0
V  [libjvm.so+0xc1aa21]  thread_native_entry(Thread*)+0xe1


siginfo: si_signo: 11 (SIGSEGV), si_code: 2 (SEGV_ACCERR), si_addr: 0x00007f932137e1c0

Register to memory mapping:

RAX=0x00007f932137e1c0 points into unknown readable memory: 0x292800035671ffff | ff ff 71 56 03 00 28 29
RBX=0x00007f92bc000d70 points into unknown readable memory: 0x00007f933206f0e0 | e0 f0 06 32 93 7f 00 00
RCX=0x00007f93310f0e00: <offset 0x000000000028de00> in /root/.vscode/extensions/redhat.java-1.20.0-linux-x64/jre/17.0.7-linux-x86_64/lib/server/libjvm.so at 0x00007f9330e63000
RDX=0x0000000000000001 is an unknown value
RSP=0x00007f92cfaf4a28 points into unknown readable memory: 0x00007f933159cf00 | 00 cf 59 31 93 7f 00 00
RBP=0x00007f92cfaf4ac0 points into unknown readable memory: 0x00007f92cfaf4c10 | 10 4c af cf 92 7f 00 00
RSI=
[error occurred during error reporting (printing register info), id 0xb, SIGSEGV (0xb) at pc=0x00007f933224e507]

Registers:
RAX=0x00007f932137e1c0, RBX=0x00007f92bc000d70, RCX=0x00007f93310f0e00, RDX=0x0000000000000001
RSP=0x00007f92cfaf4a28, RBP=0x00007f92cfaf4ac0, RSI=0x00000000c7377508, RDI=0x0000000100062830
R8 =0x0000000000000000, R9 =0x0000000100056c20, R10=0x0000000000000000, R11=0x0000000000000000
R12=0x00000000c29a7305, R13=0x00000000c7377508, R14=0x00007f93321661ad, R15=0x00007f933211f330
RIP=0x00007f932137e1c0, EFLAGS=0x0000000000010287, CSGSFS=0x002b000000000033, ERR=0x0000000000000015
  TRAPNO=0x000000000000000e

Top of Stack: (sp=0x00007f92cfaf4a28)
0x00007f92cfaf4a28:   00007f933159cf00 00007ffd2351795a
0x00007f92cfaf4a38:   00007f93261f6077 0000000000000016
0x00007f92cfaf4a48:   00007f9200000000 00007f932c0e3db0
0x00007f92cfaf4a58:   00007f9300000000 0000000100062830 

Instructions: (pc=0x00007f932137e1c0)
0x00007f932137e0c0:   29 4c 6a 61 76 61 2f 6c 61 6e 67 2f 43 68 61 72
0x00007f932137e0d0:   61 63 74 65 72 3b 00 00 ff ff bc 12 14 00 28 53
0x00007f932137e0e0:   29 4c 6a 61 76 61 2f 6c 61 6e 67 2f 53 68 6f 72
0x00007f932137e0f0:   74 3b 00 00 00 00 00 00 ff ff 03 11 16 00 28 49
0x00007f932137e100:   29 4c 6a 61 76 61 2f 6c 61 6e 67 2f 49 6e 74 65
0x00007f932137e110:   67 65 72 3b 00 00 00 00 ff ff 04 14 13 00 28 4a
0x00007f932137e120:   29 4c 6a 61 76 61 2f 6c 61 6e 67 2f 4c 6f 6e 67
0x00007f932137e130:   3b 00 00 00 00 00 00 00 ff ff 74 21 14 00 28 46
0x00007f932137e140:   29 4c 6a 61 76 61 2f 6c 61 6e 67 2f 46 6c 6f 61
0x00007f932137e150:   74 3b 00 00 00 00 00 00 ff ff a5 52 15 00 28 44
0x00007f932137e160:   29 4c 6a 61 76 61 2f 6c 61 6e 67 2f 44 6f 75 62
0x00007f932137e170:   6c 65 3b 00 00 00 00 00 ff ff 26 fe 10 00 66 6f
0x00007f932137e180:   72 45 61 63 68 52 65 6d 61 69 6e 69 6e 67 00 00
0x00007f932137e190:   ff ff 60 a5 23 00 28 4c 6a 61 76 61 2f 75 74 69
0x00007f932137e1a0:   6c 2f 66 75 6e 63 74 69 6f 6e 2f 49 6e 74 43 6f
0x00007f932137e1b0:   6e 73 75 6d 65 72 3b 29 56 00 00 00 00 00 00 00
0x00007f932137e1c0:   ff ff 71 56 03 00 28 29 56 00 00 00 00 00 00 00
0x00007f932137e1d0:   ff ff 45 54 03 00 28 29 5a 00 00 00 00 00 00 00
0x00007f932137e1e0:   ff ff 07 aa 03 00 28 29 42 00 00 00 00 00 00 00
0x00007f932137e1f0:   ff ff fb c2 03 00 28 29 43 00 00 00 00 00 00 00
0x00007f932137e200:   ff ff da ee 03 00 28 29 53 00 00 00 00 00 00 00
0x00007f932137e210:   ff ff aa 4b 03 00 28 29 49 00 00 00 00 00 00 00
0x00007f932137e220:   ff ff f9 a7 03 00 28 29 4a 00 00 00 00 00 00 00
0x00007f932137e230:   ff ff d5 fa 03 00 28 29 46 00 00 00 00 00 00 00
0x00007f932137e240:   ff ff 1d ea 03 00 28 29 44 00 00 00 00 00 00 00
0x00007f932137e250:   ff ff 48 3d 04 00 28 5a 29 56 00 00 00 00 00 00
0x00007f932137e260:   ff ff c3 68 04 00 28 49 29 56 00 00 00 00 00 00
0x00007f932137e270:   ff ff 2f 00 04 00 28 49 29 49 00 00 00 00 00 00
0x00007f932137e280:   ff ff 83 49 04 00 28 43 29 43 00 00 00 00 00 00
0x00007f932137e290:   ff ff 99 61 04 00 28 53 29 53 00 00 00 00 00 00
0x00007f932137e2a0:   ff ff 0c b0 04 00 28 49 29 5a 00 00 00 00 00 00
0x00007f932137e2b0:   ff ff 96 f2 04 00 28 46 29 49 00 00 00 00 00 00 


Stack slot to memory mapping:
stack at sp + 0 slots: 0x00007f933159cf00: <offset 0x0000000000739f00> in /root/.vscode/extensions/redhat.java-1.20.0-linux-x64/jre/17.0.7-linux-x86_64/lib/server/libjvm.so at 0x00007f9330e63000
stack at sp + 1 slots: 0x00007ffd2351795a: clock_gettime+0x000000000000005a in linux-vdso.so.1 at 0x00007ffd23517000
stack at sp + 2 slots: 0x00007f93261f6077 points into unknown readable memory: ff
stack at sp + 3 slots: 0x0000000000000016 is an unknown value
stack at sp + 4 slots: 0x00007f9200000000 is an unknown value
stack at sp + 5 slots: 0x00007f932c0e3db0 points into unknown readable memory: 0x00000000c7500000 | 00 00 50 c7 00 00 00 00
stack at sp + 6 slots: 0x00007f9300000000 points into unknown readable memory: 0x00007f9300000030 | 30 00 00 00 93 7f 00 00
stack at sp + 7 slots: 0x0000000100062830 is pointing into metadata


---------------  P R O C E S S  ---------------

Threads class SMR info:
_java_thread_list=0x00007f92980a2c00, length=44, elements={
0x00007f932c196ad0, 0x00007f932c198070, 0x00007f932c1b92b0, 0x00007f932c1bcbc0,
0x00007f932c1bdb80, 0x00007f932c1bf0f0, 0x00007f932c1c84f0, 0x00007f932c24c630,
0x00007f932c2561a0, 0x00007f92e81209e0, 0x00007f92e8121c80, 0x00007f92d0001c50,
0x00007f932d1e8570, 0x00007f932d202fd0, 0x00007f932d2091f0, 0x00007f932d221170,
0x00007f932c02ab20, 0x00007f92a0025830, 0x00007f92940306b0, 0x00007f9294033a70,
0x00007f92940346b0, 0x00007f9294035770, 0x00007f929404a820, 0x00007f9294050a60,
0x00007f92940911d0, 0x00007f927c04cd90, 0x00007f9274003520, 0x00007f92740041c0,
0x00007f9294094510, 0x00007f92740051c0, 0x00007f92740065b0, 0x00007f92740079a0,
0x00007f92740089a0, 0x00007f9274009ea0, 0x00007f927400afb0, 0x00007f9294096a00,
0x00007f927400c0d0, 0x00007f924c002290, 0x00007f927400d5f0, 0x00007f927400e730,
0x00007f927400fc60, 0x00007f9274010db0, 0x00007f929809f0a0, 0x00007f92980a1c90
}

Java Threads: ( => current thread )
  0x00007f932c196ad0 JavaThread "Reference Handler" daemon [_thread_blocked, id=13211, stack(0x00007f93210f5000,0x00007f93211f5000)]
  0x00007f932c198070 JavaThread "Finalizer" daemon [_thread_blocked, id=13212, stack(0x00007f9320ff5000,0x00007f93210f5000)]
  0x00007f932c1b92b0 JavaThread "Signal Dispatcher" daemon [_thread_blocked, id=13213, stack(0x00007f9320c0b000,0x00007f9320d0b000)]
  0x00007f932c1bcbc0 JavaThread "Service Thread" daemon [_thread_blocked, id=13214, stack(0x00007f9320b0b000,0x00007f9320c0b000)]
  0x00007f932c1bdb80 JavaThread "Monitor Deflation Thread" daemon [_thread_blocked, id=13215, stack(0x00007f9320a0b000,0x00007f9320b0b000)]
  0x00007f932c1bf0f0 JavaThread "C1 CompilerThread0" daemon [_thread_blocked, id=13216, stack(0x00007f932090b000,0x00007f9320a0b000)]
  0x00007f932c1c84f0 JavaThread "Sweeper thread" daemon [_thread_blocked, id=13217, stack(0x00007f932080b000,0x00007f932090b000)]
  0x00007f932c24c630 JavaThread "Notification Thread" daemon [_thread_blocked, id=13220, stack(0x00007f932070b000,0x00007f932080b000)]
  0x00007f932c2561a0 JavaThread "Common-Cleaner" daemon [_thread_blocked, id=13222, stack(0x00007f9320509000,0x00007f9320609000)]
  0x00007f92e81209e0 JavaThread "C1 CompilerThread1" daemon [_thread_blocked, id=13236, stack(0x00007f93203ba000,0x00007f93204ba000)]
  0x00007f92e8121c80 JavaThread "C1 CompilerThread2" daemon [_thread_blocked, id=13237, stack(0x00007f93202ba000,0x00007f93203ba000)]
  0x00007f92d0001c50 JavaThread "C1 CompilerThread3" daemon [_thread_blocked, id=13239, stack(0x00007f93201ba000,0x00007f93202ba000)]
  0x00007f932d1e8570 JavaThread "boundedElastic-evictor-1" daemon [_thread_blocked, id=13269, stack(0x00007f92cf8f4000,0x00007f92cf9f4000)]
  0x00007f932d202fd0 JavaThread "boundedElastic-evictor-2" daemon [_thread_blocked, id=13270, stack(0x00007f92cf6f2000,0x00007f92cf7f2000)]
  0x00007f932d2091f0 JavaThread "pool-10-thread-1" [_thread_blocked, id=13271, stack(0x00007f92cf5f2000,0x00007f92cf6f2000)]
  0x00007f932d221170 JavaThread "LanguageServerApp-lifecycle" [_thread_blocked, id=13272, stack(0x00007f92cf4f2000,0x00007f92cf5f2000)]
  0x00007f932c02ab20 JavaThread "DestroyJavaVM" [_thread_blocked, id=13202, stack(0x00007f9330c7b000,0x00007f9330d7b000)]
  0x00007f92a0025830 JavaThread "pool-11-thread-1" [_thread_in_native, id=13273, stack(0x00007f92cf3f2000,0x00007f92cf4f2000)]
  0x00007f92940306b0 JavaThread "Simple-Language-Server main thread" daemon [_thread_blocked, id=13274, stack(0x00007f92cf2f2000,0x00007f92cf3f2000)]
  0x00007f9294033a70 JavaThread "pool-2-thread-1" [_thread_blocked, id=13275, stack(0x00007f92cf1f2000,0x00007f92cf2f2000)]
  0x00007f92940346b0 JavaThread "pool-2-thread-2" [_thread_blocked, id=13276, stack(0x00007f92cf0f2000,0x00007f92cf1f2000)]
  0x00007f9294035770 JavaThread "pool-2-thread-3" [_thread_blocked, id=13277, stack(0x00007f92ceff2000,0x00007f92cf0f2000)]
  0x00007f929404a820 JavaThread "pool-6-thread-1" [_thread_blocked, id=13278, stack(0x00007f92ceef2000,0x00007f92ceff2000)]
  0x00007f9294050a60 JavaThread "ForkJoinPool.commonPool-worker-1" daemon [_thread_blocked, id=13281, stack(0x00007f92cedf2000,0x00007f92ceef2000)]
  0x00007f92940911d0 JavaThread "parallel-1" daemon [_thread_blocked, id=13282, stack(0x00007f92cecf2000,0x00007f92cedf2000)]
  0x00007f927c04cd90 JavaThread "ClassGraph-worker-0" daemon [_thread_blocked, id=13283, stack(0x00007f92cebf2000,0x00007f92cecf2000)]
  0x00007f9274003520 JavaThread "ClassGraph-worker-1" daemon [_thread_blocked, id=13284, stack(0x00007f92ceaf2000,0x00007f92cebf2000)]
  0x00007f92740041c0 JavaThread "ClassGraph-worker-2" daemon [_thread_blocked, id=13285, stack(0x00007f92ce9f2000,0x00007f92ceaf2000)]
  0x00007f9294094510 JavaThread "pool-3-thread-1" [_thread_blocked, id=13286, stack(0x00007f92ce8f2000,0x00007f92ce9f2000)]
  0x00007f92740051c0 JavaThread "ClassGraph-worker-3" daemon [_thread_blocked, id=13287, stack(0x00007f92ce7f2000,0x00007f92ce8f2000)]
  0x00007f92740065b0 JavaThread "ClassGraph-worker-4" daemon [_thread_blocked, id=13288, stack(0x00007f92ce6f2000,0x00007f92ce7f2000)]
  0x00007f92740079a0 JavaThread "ClassGraph-worker-5" daemon [_thread_blocked, id=13289, stack(0x00007f92ce5f2000,0x00007f92ce6f2000)]
  0x00007f92740089a0 JavaThread "ClassGraph-worker-6" daemon [_thread_blocked, id=13290, stack(0x00007f92ce4f2000,0x00007f92ce5f2000)]
  0x00007f9274009ea0 JavaThread "ClassGraph-worker-7" daemon [_thread_blocked, id=13291, stack(0x00007f92ce3f2000,0x00007f92ce4f2000)]
  0x00007f927400afb0 JavaThread "ClassGraph-worker-8" daemon [_thread_blocked, id=13292, stack(0x00007f92ce2f2000,0x00007f92ce3f2000)]
  0x00007f9294096a00 JavaThread "ForkJoinPool.commonPool-worker-2" daemon [_thread_blocked, id=13293, stack(0x00007f92ce1f2000,0x00007f92ce2f2000)]
  0x00007f927400c0d0 JavaThread "ClassGraph-worker-9" daemon [_thread_blocked, id=13294, stack(0x00007f92ce0f2000,0x00007f92ce1f2000)]
  0x00007f924c002290 JavaThread "pool-3-thread-2" [_thread_blocked, id=13295, stack(0x00007f92cdff2000,0x00007f92ce0f2000)]
  0x00007f927400d5f0 JavaThread "ClassGraph-worker-10" daemon [_thread_blocked, id=13296, stack(0x00007f92cde5d000,0x00007f92cdf5d000)]
  0x00007f927400e730 JavaThread "ClassGraph-worker-11" daemon [_thread_blocked, id=13297, stack(0x00007f92cdd5d000,0x00007f92cde5d000)]
  0x00007f927400fc60 JavaThread "ClassGraph-worker-12" daemon [_thread_blocked, id=13298, stack(0x00007f92cdc5d000,0x00007f92cdd5d000)]
  0x00007f9274010db0 JavaThread "ClassGraph-worker-13" daemon [_thread_blocked, id=13299, stack(0x00007f92cdb5d000,0x00007f92cdc5d000)]
  0x00007f929809f0a0 JavaThread "pool-4-thread-1" [_thread_blocked, id=13301, stack(0x00007f92cd8e5000,0x00007f92cd9e5000)]
  0x00007f92980a1c90 JavaThread "parallel-2" daemon [_thread_blocked, id=13302, stack(0x00007f92cd7e5000,0x00007f92cd8e5000)]

Other Threads:
  0x00007f932c186ad0 VMThread "VM Thread" [stack: 0x00007f93211f7000,0x00007f93212f7000] [id=13208]
  0x00007f932c14bc20 WatcherThread [stack: 0x00007f932060b000,0x00007f932070b000] [id=13221]
  0x00007f932c0689b0 GCTaskThread "GC Thread#0" [stack: 0x00007f9330080000,0x00007f9330180000] [id=13203]
  0x00007f9300005f10 GCTaskThread "GC Thread#1" [stack: 0x00007f9320093000,0x00007f9320193000] [id=13242]
  0x00007f9300006940 GCTaskThread "GC Thread#2" [stack: 0x00007f92cff00000,0x00007f92d0000000] [id=13243]
  0x00007f9300007370 GCTaskThread "GC Thread#3" [stack: 0x00007f92cfdfe000,0x00007f92cfefe000] [id=13244]
  0x00007f930000a780 GCTaskThread "GC Thread#4" [stack: 0x00007f92cfcfc000,0x00007f92cfdfc000] [id=13253]
  0x00007f930000c9b0 GCTaskThread "GC Thread#5" [stack: 0x00007f92cfbfa000,0x00007f92cfcfa000] [id=13254]
  0x00007f930000d1b0 GCTaskThread "GC Thread#6" [stack: 0x00007f92cfaf8000,0x00007f92cfbf8000] [id=13255]
=>0x00007f930000dba0 GCTaskThread "GC Thread#7" [stack: 0x00007f92cf9f6000,0x00007f92cfaf6000] [id=13256]
  0x00007f932c071fb0 ConcurrentGCThread "G1 Main Marker" [stack: 0x00007f9323ee3000,0x00007f9323fe3000] [id=13204]
  0x00007f932c072f10 ConcurrentGCThread "G1 Conc#0" [stack: 0x00007f9323de1000,0x00007f9323ee1000] [id=13205]
  0x00007f9314000eb0 ConcurrentGCThread "G1 Conc#1" [stack: 0x00007f92cf7f4000,0x00007f92cf8f4000] [id=13266]
  0x00007f932c1130a0 ConcurrentGCThread "G1 Refine#0" [stack: 0x00007f93214d7000,0x00007f93215d7000] [id=13206]
  0x00007f930c000eb0 ConcurrentGCThread "G1 Refine#1" [stack: 0x00007f92cda5d000,0x00007f92cdb5d000] [id=13300]
  0x00007f932c113f90 ConcurrentGCThread "G1 Service" [stack: 0x00007f93213d5000,0x00007f93214d5000] [id=13207]

Threads with active compile tasks:

VM state: at safepoint (normal execution)

VM Mutex/Monitor currently owned by a thread:  ([mutex/lock_event])
[0x00007f932c027c40] Threads_lock - owner thread: 0x00007f932c186ad0
[0x00007f932c0283f0] Heap_lock - owner thread: 0x00007f927c04cd90

Heap address: 0x00000000c0000000, size: 1024 MB, Compressed Oops mode: 32-bit

CDS archive(s) not mapped
Compressed class space mapped at: 0x0000000100000000-0x0000000140000000, reserved size: 1073741824
Narrow klass base: 0x0000000000000000, Narrow klass shift: 3, Narrow klass range: 0x140000000

GC Precious Log:
 CPUs: 8 total, 8 available
 Memory: 11994M
 Large Page Support: Disabled
 NUMA Support: Disabled
 Compressed Oops: Enabled (32-bit)
 Heap Region Size: 1M
 Heap Min Capacity: 8M
 Heap Initial Capacity: 188M
 Heap Max Capacity: 1G
 Pre-touch: Disabled
 Parallel Workers: 8
 Concurrent Workers: 2
 Concurrent Refinement Workers: 8
 Periodic GC: Disabled

Heap:
 garbage-first heap   total 157696K, used 110086K [0x00000000c0000000, 0x0000000100000000)
  region size 1024K, 75 young (76800K), 9 survivors (9216K)
 Metaspace       used 41702K, committed 42112K, reserved 1114112K
  class space    used 5383K, committed 5568K, reserved 1048576K

Heap Regions: E=young(eden), S=young(survivor), O=old, HS=humongous(starts), HC=humongous(continues), CS=collection set, F=free, OA=open archive, CA=closed archive, TAMS=top-at-mark-start (previous, next)
|   0|0x00000000c0000000, 0x00000000c0100000, 0x00000000c0100000|100%|HS|  |TAMS 0x00000000c0100000, 0x00000000c0000000| Complete 
|   1|0x00000000c0100000, 0x00000000c0200000, 0x00000000c0200000|100%| O|  |TAMS 0x00000000c0200000, 0x00000000c0100000| Untracked 
|   2|0x00000000c0200000, 0x00000000c0300000, 0x00000000c0300000|100%| O|  |TAMS 0x00000000c0300000, 0x00000000c0200000| Untracked 
|   3|0x00000000c0300000, 0x00000000c0400000, 0x00000000c0400000|100%| O|  |TAMS 0x00000000c0400000, 0x00000000c0300000| Untracked 
|   4|0x00000000c0400000, 0x00000000c0500000, 0x00000000c0500000|100%| O|  |TAMS 0x00000000c0500000, 0x00000000c0400000| Untracked 
|   5|0x00000000c0500000, 0x00000000c0600000, 0x00000000c0600000|100%| O|  |TAMS 0x00000000c0600000, 0x00000000c0500000| Untracked 
|   6|0x00000000c0600000, 0x00000000c0700000, 0x00000000c0700000|100%| O|  |TAMS 0x00000000c0700000, 0x00000000c0600000| Untracked 
|   7|0x00000000c0700000, 0x00000000c0800000, 0x00000000c0800000|100%| O|  |TAMS 0x00000000c0800000, 0x00000000c0700000| Untracked 
|   8|0x00000000c0800000, 0x00000000c0900000, 0x00000000c0900000|100%| O|  |TAMS 0x00000000c0900000, 0x00000000c0800000| Untracked 
|   9|0x00000000c0900000, 0x00000000c0a00000, 0x00000000c0a00000|100%| O|  |TAMS 0x00000000c0a00000, 0x00000000c0900000| Untracked 
|  10|0x00000000c0a00000, 0x00000000c0b00000, 0x00000000c0b00000|100%| O|  |TAMS 0x00000000c0b00000, 0x00000000c0a00000| Untracked 
|  11|0x00000000c0b00000, 0x00000000c0c00000, 0x00000000c0c00000|100%| O|  |TAMS 0x00000000c0c00000, 0x00000000c0b00000| Untracked 
|  12|0x00000000c0c00000, 0x00000000c0cb2000, 0x00000000c0d00000| 69%| O|  |TAMS 0x00000000c0cb2000, 0x00000000c0c00000| Untracked 
|  13|0x00000000c0d00000, 0x00000000c0e00000, 0x00000000c0e00000|100%| O|  |TAMS 0x00000000c0e00000, 0x00000000c0d00000| Untracked 
|  14|0x00000000c0e00000, 0x00000000c0f00000, 0x00000000c0f00000|100%| O|  |TAMS 0x00000000c0f00000, 0x00000000c0e00000| Untracked 
|  15|0x00000000c0f00000, 0x00000000c1000000, 0x00000000c1000000|100%| O|  |TAMS 0x00000000c1000000, 0x00000000c0f00000| Untracked 
|  16|0x00000000c1000000, 0x00000000c1100000, 0x00000000c1100000|100%| O|  |TAMS 0x00000000c1100000, 0x00000000c1000000| Untracked 
|  17|0x00000000c1100000, 0x00000000c1200000, 0x00000000c1200000|100%| O|  |TAMS 0x00000000c1200000, 0x00000000c1100000| Untracked 
|  18|0x00000000c1200000, 0x00000000c1300000, 0x00000000c1300000|100%| O|  |TAMS 0x00000000c1300000, 0x00000000c1200000| Untracked 
|  19|0x00000000c1300000, 0x00000000c1400000, 0x00000000c1400000|100%| O|  |TAMS 0x00000000c1400000, 0x00000000c1300000| Untracked 
|  20|0x00000000c1400000, 0x00000000c1500000, 0x00000000c1500000|100%| O|  |TAMS 0x00000000c1500000, 0x00000000c1400000| Untracked 
|  21|0x00000000c1500000, 0x00000000c1600000, 0x00000000c1600000|100%| O|  |TAMS 0x00000000c1600000, 0x00000000c1500000| Untracked 
|  22|0x00000000c1600000, 0x00000000c1700000, 0x00000000c1700000|100%| O|  |TAMS 0x00000000c1600000, 0x00000000c1600000| Untracked 
|  23|0x00000000c1700000, 0x00000000c1800000, 0x00000000c1800000|100%| O|  |TAMS 0x00000000c1800000, 0x00000000c1700000| Untracked 
|  24|0x00000000c1800000, 0x00000000c1900000, 0x00000000c1900000|100%| O|  |TAMS 0x00000000c1900000, 0x00000000c1800000| Untracked 
|  25|0x00000000c1900000, 0x00000000c1a00000, 0x00000000c1a00000|100%| O|  |TAMS 0x00000000c1a00000, 0x00000000c1900000| Untracked 
|  26|0x00000000c1a00000, 0x00000000c1b00000, 0x00000000c1b00000|100%| O|  |TAMS 0x00000000c1b00000, 0x00000000c1a00000| Untracked 
|  27|0x00000000c1b00000, 0x00000000c1c00000, 0x00000000c1c00000|100%| O|  |TAMS 0x00000000c1c00000, 0x00000000c1b00000| Untracked 
|  28|0x00000000c1c00000, 0x00000000c1d00000, 0x00000000c1d00000|100%| O|  |TAMS 0x00000000c1d00000, 0x00000000c1c00000| Untracked 
|  29|0x00000000c1d00000, 0x00000000c1e00000, 0x00000000c1e00000|100%| O|  |TAMS 0x00000000c1e00000, 0x00000000c1d00000| Untracked 
|  30|0x00000000c1e00000, 0x00000000c1f00000, 0x00000000c1f00000|100%| O|  |TAMS 0x00000000c1f00000, 0x00000000c1e00000| Untracked 
|  31|0x00000000c1f00000, 0x00000000c2000000, 0x00000000c2000000|100%| O|  |TAMS 0x00000000c2000000, 0x00000000c1f00000| Untracked 
|  32|0x00000000c2000000, 0x00000000c2100000, 0x00000000c2100000|100%| O|  |TAMS 0x00000000c2100000, 0x00000000c2000000| Untracked 
|  33|0x00000000c2100000, 0x00000000c2200000, 0x00000000c2200000|100%| O|  |TAMS 0x00000000c2200000, 0x00000000c2100000| Untracked 
|  34|0x00000000c2200000, 0x00000000c2300000, 0x00000000c2300000|100%| O|  |TAMS 0x00000000c2300000, 0x00000000c2200000| Untracked 
|  35|0x00000000c2300000, 0x00000000c2400000, 0x00000000c2400000|100%| O|  |TAMS 0x00000000c2400000, 0x00000000c2300000| Untracked 
|  36|0x00000000c2400000, 0x00000000c2500000, 0x00000000c2500000|100%| O|  |TAMS 0x00000000c2496c00, 0x00000000c2400000| Untracked 
|  37|0x00000000c2500000, 0x00000000c2600000, 0x00000000c2600000|100%| O|  |TAMS 0x00000000c2500000, 0x00000000c2500000| Untracked 
|  38|0x00000000c2600000, 0x00000000c2700000, 0x00000000c2700000|100%| O|  |TAMS 0x00000000c2600000, 0x00000000c2600000| Untracked 
|  39|0x00000000c2700000, 0x00000000c2800000, 0x00000000c2800000|100%| O|  |TAMS 0x00000000c2700000, 0x00000000c2700000| Untracked 
|  40|0x00000000c2800000, 0x00000000c2900000, 0x00000000c2900000|100%| O|  |TAMS 0x00000000c2800000, 0x00000000c2800000| Untracked 
|  41|0x00000000c2900000, 0x00000000c2a00000, 0x00000000c2a00000|100%| O|  |TAMS 0x00000000c2900000, 0x00000000c2900000| Untracked 
|  42|0x00000000c2a00000, 0x00000000c2b00000, 0x00000000c2b00000|100%| O|  |TAMS 0x00000000c2a00000, 0x00000000c2a00000| Untracked 
|  43|0x00000000c2b00000, 0x00000000c2c00000, 0x00000000c2c00000|100%| O|  |TAMS 0x00000000c2b00000, 0x00000000c2b00000| Untracked 
|  44|0x00000000c2c00000, 0x00000000c2d00000, 0x00000000c2d00000|100%| O|  |TAMS 0x00000000c2c00000, 0x00000000c2c00000| Untracked 
|  45|0x00000000c2d00000, 0x00000000c2e00000, 0x00000000c2e00000|100%| O|  |TAMS 0x00000000c2d00000, 0x00000000c2d00000| Untracked 
|  46|0x00000000c2e00000, 0x00000000c2f00000, 0x00000000c2f00000|100%| O|  |TAMS 0x00000000c2e00000, 0x00000000c2e00000| Untracked 
|  47|0x00000000c2f00000, 0x00000000c2fdff40, 0x00000000c3000000| 87%| O|  |TAMS 0x00000000c2f00000, 0x00000000c2f00000| Untracked 
|  48|0x00000000c3000000, 0x00000000c3000000, 0x00000000c3100000|  0%| F|  |TAMS 0x00000000c3000000, 0x00000000c3000000| Untracked 
|  49|0x00000000c3100000, 0x00000000c3100000, 0x00000000c3200000|  0%| F|  |TAMS 0x00000000c3100000, 0x00000000c3100000| Untracked 
|  50|0x00000000c3200000, 0x00000000c3200000, 0x00000000c3300000|  0%| F|  |TAMS 0x00000000c3200000, 0x00000000c3200000| Untracked 
|  51|0x00000000c3300000, 0x00000000c3300000, 0x00000000c3400000|  0%| F|  |TAMS 0x00000000c3300000, 0x00000000c3300000| Untracked 
|  52|0x00000000c3400000, 0x00000000c3400000, 0x00000000c3500000|  0%| F|  |TAMS 0x00000000c3400000, 0x00000000c3400000| Untracked 
|  53|0x00000000c3500000, 0x00000000c35fc070, 0x00000000c3600000| 98%| E|CS|TAMS 0x00000000c3500000, 0x00000000c3500000| Complete 
|  54|0x00000000c3600000, 0x00000000c3600000, 0x00000000c3700000|  0%| F|  |TAMS 0x00000000c3600000, 0x00000000c3600000| Untracked 
|  55|0x00000000c3700000, 0x00000000c3700000, 0x00000000c3800000|  0%| F|  |TAMS 0x00000000c3700000, 0x00000000c3700000| Untracked 
|  56|0x00000000c3800000, 0x00000000c3800000, 0x00000000c3900000|  0%| F|  |TAMS 0x00000000c3800000, 0x00000000c3800000| Untracked 
|  57|0x00000000c3900000, 0x00000000c3a00000, 0x00000000c3a00000|100%| E|CS|TAMS 0x00000000c3900000, 0x00000000c3900000| Complete 
|  58|0x00000000c3a00000, 0x00000000c3b00000, 0x00000000c3b00000|100%| E|CS|TAMS 0x00000000c3a00000, 0x00000000c3a00000| Complete 
|  59|0x00000000c3b00000, 0x00000000c3b00000, 0x00000000c3c00000|  0%| F|  |TAMS 0x00000000c3b00000, 0x00000000c3b00000| Untracked 
|  60|0x00000000c3c00000, 0x00000000c3c00000, 0x00000000c3d00000|  0%| F|  |TAMS 0x00000000c3c00000, 0x00000000c3c00000| Untracked 
|  61|0x00000000c3d00000, 0x00000000c3d00000, 0x00000000c3e00000|  0%| F|  |TAMS 0x00000000c3d00000, 0x00000000c3d00000| Untracked 
|  62|0x00000000c3e00000, 0x00000000c3e00000, 0x00000000c3f00000|  0%| F|  |TAMS 0x00000000c3e00000, 0x00000000c3e00000| Untracked 
|  63|0x00000000c3f00000, 0x00000000c3f00000, 0x00000000c4000000|  0%| F|  |TAMS 0x00000000c3f00000, 0x00000000c3f00000| Untracked 
|  64|0x00000000c4000000, 0x00000000c4000000, 0x00000000c4100000|  0%| F|  |TAMS 0x00000000c4000000, 0x00000000c4000000| Untracked 
|  65|0x00000000c4100000, 0x00000000c4100000, 0x00000000c4200000|  0%| F|  |TAMS 0x00000000c4100000, 0x00000000c4100000| Untracked 
|  66|0x00000000c4200000, 0x00000000c4200000, 0x00000000c4300000|  0%| F|  |TAMS 0x00000000c4200000, 0x00000000c4200000| Untracked 
|  67|0x00000000c4300000, 0x00000000c4300000, 0x00000000c4400000|  0%| F|  |TAMS 0x00000000c4300000, 0x00000000c4300000| Untracked 
|  68|0x00000000c4400000, 0x00000000c4400000, 0x00000000c4500000|  0%| F|  |TAMS 0x00000000c4400000, 0x00000000c4400000| Untracked 
|  69|0x00000000c4500000, 0x00000000c4500000, 0x00000000c4600000|  0%| F|  |TAMS 0x00000000c4500000, 0x00000000c4500000| Untracked 
|  70|0x00000000c4600000, 0x00000000c4600000, 0x00000000c4700000|  0%| F|  |TAMS 0x00000000c4600000, 0x00000000c4600000| Untracked 
|  71|0x00000000c4700000, 0x00000000c4700000, 0x00000000c4800000|  0%| F|  |TAMS 0x00000000c4700000, 0x00000000c4700000| Untracked 
|  72|0x00000000c4800000, 0x00000000c4800000, 0x00000000c4900000|  0%| F|  |TAMS 0x00000000c4800000, 0x00000000c4800000| Untracked 
|  73|0x00000000c4900000, 0x00000000c4900000, 0x00000000c4a00000|  0%| F|  |TAMS 0x00000000c4900000, 0x00000000c4900000| Untracked 
|  74|0x00000000c4a00000, 0x00000000c4a00000, 0x00000000c4b00000|  0%| F|  |TAMS 0x00000000c4a00000, 0x00000000c4a00000| Untracked 
|  75|0x00000000c4b00000, 0x00000000c4b00000, 0x00000000c4c00000|  0%| F|  |TAMS 0x00000000c4b00000, 0x00000000c4b00000| Untracked 
|  76|0x00000000c4c00000, 0x00000000c4c00000, 0x00000000c4d00000|  0%| F|  |TAMS 0x00000000c4c00000, 0x00000000c4c00000| Untracked 
|  77|0x00000000c4d00000, 0x00000000c4d00000, 0x00000000c4e00000|  0%| F|  |TAMS 0x00000000c4d00000, 0x00000000c4d00000| Untracked 
|  78|0x00000000c4e00000, 0x00000000c4e00000, 0x00000000c4f00000|  0%| F|  |TAMS 0x00000000c4e00000, 0x00000000c4e00000| Untracked 
|  79|0x00000000c4f00000, 0x00000000c5000000, 0x00000000c5000000|100%| S|  |TAMS 0x00000000c4f00000, 0x00000000c4f00000| Complete 
|  80|0x00000000c5000000, 0x00000000c5100000, 0x00000000c5100000|100%| S|  |TAMS 0x00000000c5000000, 0x00000000c5000000| Complete 
|  81|0x00000000c5100000, 0x00000000c5200000, 0x00000000c5200000|100%| S|  |TAMS 0x00000000c5100000, 0x00000000c5100000| Complete 
|  82|0x00000000c5200000, 0x00000000c5300000, 0x00000000c5300000|100%| S|  |TAMS 0x00000000c5200000, 0x00000000c5200000| Complete 
|  83|0x00000000c5300000, 0x00000000c5400000, 0x00000000c5400000|100%| S|  |TAMS 0x00000000c5300000, 0x00000000c5300000| Complete 
|  84|0x00000000c5400000, 0x00000000c5500000, 0x00000000c5500000|100%| S|  |TAMS 0x00000000c5400000, 0x00000000c5400000| Complete 
|  85|0x00000000c5500000, 0x00000000c5600000, 0x00000000c5600000|100%| S|  |TAMS 0x00000000c5500000, 0x00000000c5500000| Complete 
|  86|0x00000000c5600000, 0x00000000c5700000, 0x00000000c5700000|100%| S|  |TAMS 0x00000000c5600000, 0x00000000c5600000| Complete 
|  87|0x00000000c5700000, 0x00000000c5800000, 0x00000000c5800000|100%| S|  |TAMS 0x00000000c5700000, 0x00000000c5700000| Complete 
|  88|0x00000000c5800000, 0x00000000c5900000, 0x00000000c5900000|100%| E|CS|TAMS 0x00000000c5800000, 0x00000000c5800000| Complete 
|  89|0x00000000c5900000, 0x00000000c5a00000, 0x00000000c5a00000|100%| E|CS|TAMS 0x00000000c5900000, 0x00000000c5900000| Complete 
|  90|0x00000000c5a00000, 0x00000000c5b00000, 0x00000000c5b00000|100%| E|CS|TAMS 0x00000000c5a00000, 0x00000000c5a00000| Complete 
|  91|0x00000000c5b00000, 0x00000000c5c00000, 0x00000000c5c00000|100%| E|CS|TAMS 0x00000000c5b00000, 0x00000000c5b00000| Complete 
|  92|0x00000000c5c00000, 0x00000000c5d00000, 0x00000000c5d00000|100%| E|CS|TAMS 0x00000000c5c00000, 0x00000000c5c00000| Complete 
|  93|0x00000000c5d00000, 0x00000000c5e00000, 0x00000000c5e00000|100%| E|CS|TAMS 0x00000000c5d00000, 0x00000000c5d00000| Complete 
|  94|0x00000000c5e00000, 0x00000000c5f00000, 0x00000000c5f00000|100%| E|CS|TAMS 0x00000000c5e00000, 0x00000000c5e00000| Complete 
|  95|0x00000000c5f00000, 0x00000000c6000000, 0x00000000c6000000|100%| E|CS|TAMS 0x00000000c5f00000, 0x00000000c5f00000| Complete 
|  96|0x00000000c6000000, 0x00000000c6100000, 0x00000000c6100000|100%| E|CS|TAMS 0x00000000c6000000, 0x00000000c6000000| Complete 
|  97|0x00000000c6100000, 0x00000000c6200000, 0x00000000c6200000|100%| E|CS|TAMS 0x00000000c6100000, 0x00000000c6100000| Complete 
|  98|0x00000000c6200000, 0x00000000c6300000, 0x00000000c6300000|100%| E|CS|TAMS 0x00000000c6200000, 0x00000000c6200000| Complete 
|  99|0x00000000c6300000, 0x00000000c6400000, 0x00000000c6400000|100%| E|CS|TAMS 0x00000000c6300000, 0x00000000c6300000| Complete 
| 100|0x00000000c6400000, 0x00000000c6500000, 0x00000000c6500000|100%| E|CS|TAMS 0x00000000c6400000, 0x00000000c6400000| Complete 
| 101|0x00000000c6500000, 0x00000000c6600000, 0x00000000c6600000|100%| E|CS|TAMS 0x00000000c6500000, 0x00000000c6500000| Complete 
| 102|0x00000000c6600000, 0x00000000c6700000, 0x00000000c6700000|100%| E|CS|TAMS 0x00000000c6600000, 0x00000000c6600000| Complete 
| 103|0x00000000c6700000, 0x00000000c6800000, 0x00000000c6800000|100%| E|CS|TAMS 0x00000000c6700000, 0x00000000c6700000| Complete 
| 104|0x00000000c6800000, 0x00000000c6900000, 0x00000000c6900000|100%| E|CS|TAMS 0x00000000c6800000, 0x00000000c6800000| Complete 
| 105|0x00000000c6900000, 0x00000000c6a00000, 0x00000000c6a00000|100%| E|CS|TAMS 0x00000000c6900000, 0x00000000c6900000| Complete 
| 106|0x00000000c6a00000, 0x00000000c6b00000, 0x00000000c6b00000|100%| E|CS|TAMS 0x00000000c6a00000, 0x00000000c6a00000| Complete 
| 107|0x00000000c6b00000, 0x00000000c6c00000, 0x00000000c6c00000|100%| E|CS|TAMS 0x00000000c6b00000, 0x00000000c6b00000| Complete 
| 108|0x00000000c6c00000, 0x00000000c6d00000, 0x00000000c6d00000|100%| E|CS|TAMS 0x00000000c6c00000, 0x00000000c6c00000| Complete 
| 109|0x00000000c6d00000, 0x00000000c6e00000, 0x00000000c6e00000|100%| E|CS|TAMS 0x00000000c6d00000, 0x00000000c6d00000| Complete 
| 110|0x00000000c6e00000, 0x00000000c6f00000, 0x00000000c6f00000|100%| E|CS|TAMS 0x00000000c6e00000, 0x00000000c6e00000| Complete 
| 111|0x00000000c6f00000, 0x00000000c7000000, 0x00000000c7000000|100%| E|CS|TAMS 0x00000000c6f00000, 0x00000000c6f00000| Complete 
| 112|0x00000000c7000000, 0x00000000c7100000, 0x00000000c7100000|100%| E|CS|TAMS 0x00000000c7000000, 0x00000000c7000000| Complete 
| 113|0x00000000c7100000, 0x00000000c7200000, 0x00000000c7200000|100%| E|CS|TAMS 0x00000000c7100000, 0x00000000c7100000| Complete 
| 114|0x00000000c7200000, 0x00000000c7300000, 0x00000000c7300000|100%| E|CS|TAMS 0x00000000c7200000, 0x00000000c7200000| Complete 
| 115|0x00000000c7300000, 0x00000000c7400000, 0x00000000c7400000|100%| E|CS|TAMS 0x00000000c7300000, 0x00000000c7300000| Complete 
| 116|0x00000000c7400000, 0x00000000c7500000, 0x00000000c7500000|100%| E|CS|TAMS 0x00000000c7400000, 0x00000000c7400000| Complete 
| 117|0x00000000c7500000, 0x00000000c7600000, 0x00000000c7600000|100%| E|CS|TAMS 0x00000000c7500000, 0x00000000c7500000| Complete 
| 118|0x00000000c7600000, 0x00000000c7700000, 0x00000000c7700000|100%| E|CS|TAMS 0x00000000c7600000, 0x00000000c7600000| Complete 
| 119|0x00000000c7700000, 0x00000000c7800000, 0x00000000c7800000|100%| E|CS|TAMS 0x00000000c7700000, 0x00000000c7700000| Complete 
| 120|0x00000000c7800000, 0x00000000c7900000, 0x00000000c7900000|100%| E|CS|TAMS 0x00000000c7800000, 0x00000000c7800000| Complete 
| 121|0x00000000c7900000, 0x00000000c7a00000, 0x00000000c7a00000|100%| E|CS|TAMS 0x00000000c7900000, 0x00000000c7900000| Complete 
| 122|0x00000000c7a00000, 0x00000000c7b00000, 0x00000000c7b00000|100%| E|CS|TAMS 0x00000000c7a00000, 0x00000000c7a00000| Complete 
| 123|0x00000000c7b00000, 0x00000000c7c00000, 0x00000000c7c00000|100%| E|CS|TAMS 0x00000000c7b00000, 0x00000000c7b00000| Complete 
| 124|0x00000000c7c00000, 0x00000000c7d00000, 0x00000000c7d00000|100%| E|CS|TAMS 0x00000000c7c00000, 0x00000000c7c00000| Complete 
| 125|0x00000000c7d00000, 0x00000000c7e00000, 0x00000000c7e00000|100%| E|CS|TAMS 0x00000000c7d00000, 0x00000000c7d00000| Complete 
| 126|0x00000000c7e00000, 0x00000000c7f00000, 0x00000000c7f00000|100%| E|CS|TAMS 0x00000000c7e00000, 0x00000000c7e00000| Complete 
| 127|0x00000000c7f00000, 0x00000000c8000000, 0x00000000c8000000|100%| E|CS|TAMS 0x00000000c7f00000, 0x00000000c7f00000| Complete 
| 128|0x00000000c8000000, 0x00000000c8100000, 0x00000000c8100000|100%| E|CS|TAMS 0x00000000c8000000, 0x00000000c8000000| Complete 
| 129|0x00000000c8100000, 0x00000000c8200000, 0x00000000c8200000|100%| E|CS|TAMS 0x00000000c8100000, 0x00000000c8100000| Complete 
| 130|0x00000000c8200000, 0x00000000c8300000, 0x00000000c8300000|100%| E|CS|TAMS 0x00000000c8200000, 0x00000000c8200000| Complete 
| 131|0x00000000c8300000, 0x00000000c8400000, 0x00000000c8400000|100%| E|CS|TAMS 0x00000000c8300000, 0x00000000c8300000| Complete 
| 132|0x00000000c8400000, 0x00000000c8500000, 0x00000000c8500000|100%| E|CS|TAMS 0x00000000c8400000, 0x00000000c8400000| Complete 
| 133|0x00000000c8500000, 0x00000000c8600000, 0x00000000c8600000|100%| E|CS|TAMS 0x00000000c8500000, 0x00000000c8500000| Complete 
| 134|0x00000000c8600000, 0x00000000c8700000, 0x00000000c8700000|100%| E|CS|TAMS 0x00000000c8600000, 0x00000000c8600000| Complete 
| 135|0x00000000c8700000, 0x00000000c8800000, 0x00000000c8800000|100%| E|CS|TAMS 0x00000000c8700000, 0x00000000c8700000| Complete 
| 136|0x00000000c8800000, 0x00000000c8900000, 0x00000000c8900000|100%| E|CS|TAMS 0x00000000c8800000, 0x00000000c8800000| Complete 
| 137|0x00000000c8900000, 0x00000000c8a00000, 0x00000000c8a00000|100%| E|CS|TAMS 0x00000000c8900000, 0x00000000c8900000| Complete 
| 138|0x00000000c8a00000, 0x00000000c8b00000, 0x00000000c8b00000|100%| E|CS|TAMS 0x00000000c8a00000, 0x00000000c8a00000| Complete 
| 139|0x00000000c8b00000, 0x00000000c8c00000, 0x00000000c8c00000|100%| E|CS|TAMS 0x00000000c8b00000, 0x00000000c8b00000| Complete 
| 140|0x00000000c8c00000, 0x00000000c8d00000, 0x00000000c8d00000|100%| E|CS|TAMS 0x00000000c8c00000, 0x00000000c8c00000| Complete 
| 141|0x00000000c8d00000, 0x00000000c8e00000, 0x00000000c8e00000|100%| E|CS|TAMS 0x00000000c8d00000, 0x00000000c8d00000| Complete 
| 142|0x00000000c8e00000, 0x00000000c8f00000, 0x00000000c8f00000|100%| E|CS|TAMS 0x00000000c8e00000, 0x00000000c8e00000| Complete 
| 143|0x00000000c8f00000, 0x00000000c9000000, 0x00000000c9000000|100%| E|CS|TAMS 0x00000000c8f00000, 0x00000000c8f00000| Complete 
| 144|0x00000000c9000000, 0x00000000c9100000, 0x00000000c9100000|100%| E|CS|TAMS 0x00000000c9000000, 0x00000000c9000000| Complete 
| 145|0x00000000c9100000, 0x00000000c9200000, 0x00000000c9200000|100%| E|CS|TAMS 0x00000000c9100000, 0x00000000c9100000| Complete 
| 146|0x00000000c9200000, 0x00000000c9300000, 0x00000000c9300000|100%| E|CS|TAMS 0x00000000c9200000, 0x00000000c9200000| Complete 
| 147|0x00000000c9300000, 0x00000000c9400000, 0x00000000c9400000|100%| E|CS|TAMS 0x00000000c9300000, 0x00000000c9300000| Complete 
| 148|0x00000000c9400000, 0x00000000c9500000, 0x00000000c9500000|100%| E|CS|TAMS 0x00000000c9400000, 0x00000000c9400000| Complete 
| 149|0x00000000c9500000, 0x00000000c9600000, 0x00000000c9600000|100%| E|CS|TAMS 0x00000000c9500000, 0x00000000c9500000| Complete 
| 164|0x00000000ca400000, 0x00000000ca500000, 0x00000000ca500000|100%| E|CS|TAMS 0x00000000ca400000, 0x00000000ca400000| Complete 
| 166|0x00000000ca600000, 0x00000000ca700000, 0x00000000ca700000|100%| E|CS|TAMS 0x00000000ca600000, 0x00000000ca600000| Complete 
| 186|0x00000000cba00000, 0x00000000cbb00000, 0x00000000cbb00000|100%| E|CS|TAMS 0x00000000cba00000, 0x00000000cba00000| Complete 
| 187|0x00000000cbb00000, 0x00000000cbc00000, 0x00000000cbc00000|100%| E|CS|TAMS 0x00000000cbb00000, 0x00000000cbb00000| Complete 

Card table byte_map: [0x00007f93261e3000,0x00007f93263e3000] _byte_map_base: 0x00007f9325be3000

Marking Bits (Prev, Next): (CMBitMap*) 0x00007f932c069470, (CMBitMap*) 0x00007f932c069430
 Prev Bits: [0x00007f9323fe3000, 0x00007f9324fe3000)
 Next Bits: [0x00007f9324fe3000, 0x00007f9325fe3000)

Polling page: 0x00007f93323ee000

Metaspace:

Usage:
  Non-class:     35,47 MB used.
      Class:      5,26 MB used.
       Both:     40,72 MB used.

Virtual space:
  Non-class space:       64,00 MB reserved,      35,69 MB ( 56%) committed,  1 nodes.
      Class space:        1,00 GB reserved,       5,44 MB ( <1%) committed,  1 nodes.
             Both:        1,06 GB reserved,      41,12 MB (  4%) committed. 

Chunk freelists:
   Non-Class:  11,91 MB
       Class:  10,51 MB
        Both:  22,42 MB

MaxMetaspaceSize: unlimited
CompressedClassSpaceSize: 1,00 GB
Initial GC threshold: 21,00 MB
Current GC threshold: 66,69 MB
CDS: off
MetaspaceReclaimPolicy: balanced
 - commit_granule_bytes: 65536.
 - commit_granule_words: 8192.
 - virtual_space_node_default_size: 8388608.
 - enlarge_chunks_in_place: 1.
 - new_chunks_are_fully_committed: 0.
 - uncommit_free_chunks: 1.
 - use_allocation_guard: 0.
 - handle_deallocations: 1.


Internal statistics:

num_allocs_failed_limit: 8.
num_arena_births: 516.
num_arena_deaths: 0.
num_vsnodes_births: 2.
num_vsnodes_deaths: 0.
num_space_committed: 658.
num_space_uncommitted: 0.
num_chunks_returned_to_freelist: 8.
num_chunks_taken_from_freelist: 1814.
num_chunk_merges: 8.
num_chunk_splits: 1235.
num_chunks_enlarged: 918.
num_inconsistent_stats: 0.

CodeCache: size=49152Kb used=9249Kb max_used=9249Kb free=39902Kb
 bounds [0x00007f93263e3000, 0x00007f9326cf3000, 0x00007f93293e3000]
 total_blobs=4595 nmethods=4043 adapters=478
 compilation: enabled
              stopped_count=0, restarted_count=0
 full_count=0

Compilation events (20 events):
Event: 4,252 Thread 0x00007f92d0001c50 4035       1       java.util.jar.Attributes::<init> (17 bytes)
Event: 4,252 Thread 0x00007f932c1bf0f0 4034       1       java.util.jar.Attributes::clone (9 bytes)
Event: 4,252 Thread 0x00007f92d0001c50 nmethod 4035 0x00007f9326ce7090 code [0x00007f9326ce7240, 0x00007f9326ce7400]
Event: 4,252 Thread 0x00007f932c1bf0f0 nmethod 4034 0x00007f9326ce7510 code [0x00007f9326ce76c0, 0x00007f9326ce78e0]
Event: 4,255 Thread 0x00007f92e81209e0 4036   !   1       sun.security.jca.ProviderConfig::getProvider (322 bytes)
Event: 4,256 Thread 0x00007f92e81209e0 nmethod 4036 0x00007f9326ce7a10 code [0x00007f9326ce7d20, 0x00007f9326ce87a0]
Event: 4,257 Thread 0x00007f92d0001c50 4037       1       java.lang.Math::min (46 bytes)
Event: 4,257 Thread 0x00007f92e81209e0 4038       1       sun.util.calendar.CalendarDate::getYear (5 bytes)
Event: 4,257 Thread 0x00007f92e81209e0 nmethod 4038 0x00007f9326ce9090 code [0x00007f9326ce9220, 0x00007f9326ce92f0]
Event: 4,257 Thread 0x00007f92d0001c50 nmethod 4037 0x00007f9326ce9390 code [0x00007f9326ce9540, 0x00007f9326ce96b0]
Event: 4,257 Thread 0x00007f932c1bf0f0 4039       1       sun.security.util.BitArray::set (69 bytes)
Event: 4,257 Thread 0x00007f92e81209e0 4040       1       java.math.BigInteger::equals (94 bytes)
Event: 4,258 Thread 0x00007f92e81209e0 nmethod 4040 0x00007f9326ce9710 code [0x00007f9326ce98e0, 0x00007f9326ce9b90]
Event: 4,258 Thread 0x00007f932c1bf0f0 nmethod 4039 0x00007f9326ce9d10 code [0x00007f9326ce9ee0, 0x00007f9326cea170]
Event: 4,258 Thread 0x00007f92e8121c80 4041       1       sun.util.calendar.CalendarDate::isNormalized (5 bytes)
Event: 4,258 Thread 0x00007f92e8121c80 nmethod 4041 0x00007f9326cea390 code [0x00007f9326cea520, 0x00007f9326cea5f0]
Event: 4,264 Thread 0x00007f92d0001c50 4042       1       java.util.Hashtable::rehash (142 bytes)
Event: 4,265 Thread 0x00007f92d0001c50 nmethod 4042 0x00007f9326cea690 code [0x00007f9326cea880, 0x00007f9326ceace0]
Event: 4,285 Thread 0x00007f932c1bf0f0 4043       1       jdk.internal.module.Resources::toPackageName (39 bytes)
Event: 4,285 Thread 0x00007f932c1bf0f0 nmethod 4043 0x00007f9326ceb210 code [0x00007f9326ceb3e0, 0x00007f9326ceb5d0]

GC Heap History (20 events):
Event: 1,800 GC heap after
{Heap after GC invocations=2 (full 0):
 garbage-first heap   total 192512K, used 13223K [0x00000000c0000000, 0x0000000100000000)
  region size 1024K, 3 young (3072K), 3 survivors (3072K)
 Metaspace       used 16331K, committed 16576K, reserved 1114112K
  class space    used 2051K, committed 2176K, reserved 1048576K
}
Event: 2,209 GC heap before
{Heap before GC invocations=2 (full 0):
 garbage-first heap   total 192512K, used 32679K [0x00000000c0000000, 0x0000000100000000)
  region size 1024K, 24 young (24576K), 3 survivors (3072K)
 Metaspace       used 21266K, committed 21504K, reserved 1114112K
  class space    used 2622K, committed 2752K, reserved 1048576K
}
Event: 2,224 GC heap after
{Heap after GC invocations=3 (full 0):
 garbage-first heap   total 192512K, used 14971K [0x00000000c0000000, 0x0000000100000000)
  region size 1024K, 2 young (2048K), 2 survivors (2048K)
 Metaspace       used 21266K, committed 21504K, reserved 1114112K
  class space    used 2622K, committed 2752K, reserved 1048576K
}
Event: 2,686 GC heap before
{Heap before GC invocations=4 (full 0):
 garbage-first heap   total 58368K, used 41595K [0x00000000c0000000, 0x0000000100000000)
  region size 1024K, 30 young (30720K), 2 survivors (2048K)
 Metaspace       used 27078K, committed 27328K, reserved 1114112K
  class space    used 3402K, committed 3520K, reserved 1048576K
}
Event: 2,698 GC heap after
{Heap after GC invocations=5 (full 0):
 garbage-first heap   total 58368K, used 17227K [0x00000000c0000000, 0x0000000100000000)
  region size 1024K, 5 young (5120K), 5 survivors (5120K)
 Metaspace       used 27078K, committed 27328K, reserved 1114112K
  class space    used 3402K, committed 3520K, reserved 1048576K
}
Event: 3,065 GC heap before
{Heap before GC invocations=6 (full 0):
 garbage-first heap   total 58368K, used 37707K [0x00000000c0000000, 0x0000000100000000)
  region size 1024K, 25 young (25600K), 5 survivors (5120K)
 Metaspace       used 30188K, committed 30528K, reserved 1114112K
  class space    used 3845K, committed 4032K, reserved 1048576K
}
Event: 3,076 GC heap after
{Heap after GC invocations=7 (full 0):
 garbage-first heap   total 58368K, used 19064K [0x00000000c0000000, 0x0000000100000000)
  region size 1024K, 2 young (2048K), 2 survivors (2048K)
 Metaspace       used 30188K, committed 30528K, reserved 1114112K
  class space    used 3845K, committed 4032K, reserved 1048576K
}
Event: 3,302 GC heap before
{Heap before GC invocations=7 (full 0):
 garbage-first heap   total 58368K, used 38520K [0x00000000c0000000, 0x0000000100000000)
  region size 1024K, 22 young (22528K), 2 survivors (2048K)
 Metaspace       used 33034K, committed 33408K, reserved 1114112K
  class space    used 4230K, committed 4416K, reserved 1048576K
}
Event: 3,310 GC heap after
{Heap after GC invocations=8 (full 0):
 garbage-first heap   total 58368K, used 21704K [0x00000000c0000000, 0x0000000100000000)
  region size 1024K, 3 young (3072K), 3 survivors (3072K)
 Metaspace       used 33034K, committed 33408K, reserved 1114112K
  class space    used 4230K, committed 4416K, reserved 1048576K
}
Event: 3,700 GC heap before
{Heap before GC invocations=8 (full 0):
 garbage-first heap   total 58368K, used 41160K [0x00000000c0000000, 0x0000000100000000)
  region size 1024K, 22 young (22528K), 3 survivors (3072K)
 Metaspace       used 36963K, committed 37312K, reserved 1114112K
  class space    used 4832K, committed 4992K, reserved 1048576K
}
Event: 3,710 GC heap after
{Heap after GC invocations=9 (full 0):
 garbage-first heap   total 78848K, used 23676K [0x00000000c0000000, 0x0000000100000000)
  region size 1024K, 2 young (2048K), 2 survivors (2048K)
 Metaspace       used 36963K, committed 37312K, reserved 1114112K
  class space    used 4832K, committed 4992K, reserved 1048576K
}
Event: 3,911 GC heap before
{Heap before GC invocations=9 (full 0):
 garbage-first heap   total 78848K, used 56444K [0x00000000c0000000, 0x0000000100000000)
  region size 1024K, 34 young (34816K), 2 survivors (2048K)
 Metaspace       used 38831K, committed 39232K, reserved 1114112K
  class space    used 5134K, committed 5312K, reserved 1048576K
}
Event: 3,920 GC heap after
{Heap after GC invocations=10 (full 0):
 garbage-first heap   total 78848K, used 30639K [0x00000000c0000000, 0x0000000100000000)
  region size 1024K, 5 young (5120K), 5 survivors (5120K)
 Metaspace       used 38831K, committed 39232K, reserved 1114112K
  class space    used 5134K, committed 5312K, reserved 1048576K
}
Event: 3,954 GC heap before
{Heap before GC invocations=10 (full 0):
 garbage-first heap   total 78848K, used 55215K [0x00000000c0000000, 0x0000000100000000)
  region size 1024K, 30 young (30720K), 5 survivors (5120K)
 Metaspace       used 38833K, committed 39232K, reserved 1114112K
  class space    used 5134K, committed 5312K, reserved 1048576K
}
Event: 3,966 GC heap after
{Heap after GC invocations=11 (full 0):
 garbage-first heap   total 78848K, used 37064K [0x00000000c0000000, 0x0000000100000000)
  region size 1024K, 4 young (4096K), 4 survivors (4096K)
 Metaspace       used 38833K, committed 39232K, reserved 1114112K
  class space    used 5134K, committed 5312K, reserved 1048576K
}
Event: 4,055 GC heap before
{Heap before GC invocations=11 (full 0):
 garbage-first heap   total 78848K, used 56520K [0x00000000c0000000, 0x0000000100000000)
  region size 1024K, 24 young (24576K), 4 survivors (4096K)
 Metaspace       used 39702K, committed 40064K, reserved 1114112K
  class space    used 5227K, committed 5376K, reserved 1048576K
}
Event: 4,061 GC heap after
{Heap after GC invocations=12 (full 0):
 garbage-first heap   total 78848K, used 40227K [0x00000000c0000000, 0x0000000100000000)
  region size 1024K, 3 young (3072K), 3 survivors (3072K)
 Metaspace       used 39702K, committed 40064K, reserved 1114112K
  class space    used 5227K, committed 5376K, reserved 1048576K
}
Event: 4,105 GC heap before
{Heap before GC invocations=12 (full 0):
 garbage-first heap   total 78848K, used 57635K [0x00000000c0000000, 0x0000000100000000)
  region size 1024K, 21 young (21504K), 3 survivors (3072K)
 Metaspace       used 40283K, committed 40640K, reserved 1114112K
  class space    used 5285K, committed 5440K, reserved 1048576K
}
Event: 4,110 GC heap after
{Heap after GC invocations=13 (full 0):
 garbage-first heap   total 157696K, used 43526K [0x00000000c0000000, 0x0000000100000000)
  region size 1024K, 3 young (3072K), 3 survivors (3072K)
 Metaspace       used 40283K, committed 40640K, reserved 1114112K
  class space    used 5285K, committed 5440K, reserved 1048576K
}
Event: 4,287 GC heap before
{Heap before GC invocations=14 (full 0):
 garbage-first heap   total 157696K, used 109062K [0x00000000c0000000, 0x0000000100000000)
  region size 1024K, 69 young (70656K), 3 survivors (3072K)
 Metaspace       used 41702K, committed 42112K, reserved 1114112K
  class space    used 5383K, committed 5568K, reserved 1048576K
}

Dll operation events (7 events):
Event: 0,002 Loaded shared library /root/.vscode/extensions/redhat.java-1.20.0-linux-x64/jre/17.0.7-linux-x86_64/lib/libjava.so
Event: 0,214 Loaded shared library /root/.vscode/extensions/redhat.java-1.20.0-linux-x64/jre/17.0.7-linux-x86_64/lib/libnio.so
Event: 0,245 Loaded shared library /root/.vscode/extensions/redhat.java-1.20.0-linux-x64/jre/17.0.7-linux-x86_64/lib/libzip.so
Event: 0,525 Loaded shared library /root/.vscode/extensions/redhat.java-1.20.0-linux-x64/jre/17.0.7-linux-x86_64/lib/libjimage.so
Event: 0,579 Loaded shared library /root/.vscode/extensions/redhat.java-1.20.0-linux-x64/jre/17.0.7-linux-x86_64/lib/libnet.so
Event: 3,451 Loaded shared library /root/.vscode/extensions/redhat.java-1.20.0-linux-x64/jre/17.0.7-linux-x86_64/lib/libmanagement.so
Event: 3,452 Loaded shared library /root/.vscode/extensions/redhat.java-1.20.0-linux-x64/jre/17.0.7-linux-x86_64/lib/libmanagement_ext.so

Deoptimization events (10 events):
Event: 2,509 Thread 0x00007f932c02ab20 DEOPT PACKING pc=0x00007f93269da3f9 sp=0x00007f9330d77a10
Event: 2,509 Thread 0x00007f932c02ab20 DEOPT UNPACKING pc=0x00007f9326439e2f sp=0x00007f9330d76f10 mode 3
Event: 3,692 Thread 0x00007f92940306b0 DEOPT PACKING pc=0x00007f9326bb13c5 sp=0x00007f92cf3ee980
Event: 3,692 Thread 0x00007f92940306b0 DEOPT UNPACKING pc=0x00007f9326439e2f sp=0x00007f92cf3edeb8 mode 3
Event: 3,719 Thread 0x00007f92a0025830 DEOPT PACKING pc=0x00007f932698ab79 sp=0x00007f92cf4ef2a0
Event: 3,719 Thread 0x00007f92a0025830 DEOPT UNPACKING pc=0x00007f9326439e2f sp=0x00007f92cf4ee750 mode 3
Event: 3,720 Thread 0x00007f92940306b0 DEOPT PACKING pc=0x00007f932696640e sp=0x00007f92cf3f05f0
Event: 3,720 Thread 0x00007f92940306b0 DEOPT UNPACKING pc=0x00007f9326439e2f sp=0x00007f92cf3efa68 mode 3
Event: 3,805 Thread 0x00007f9294050a60 DEOPT PACKING pc=0x00007f9326bdc48b sp=0x00007f92ceeefc80
Event: 3,805 Thread 0x00007f9294050a60 DEOPT UNPACKING pc=0x00007f9326439e2f sp=0x00007f92ceeef1e8 mode 3

Classes unloaded (0 events):
No events

Classes redefined (0 events):
No events

Internal exceptions (20 events):
Event: 3,810 Thread 0x00007f92a0025830 Exception <a 'java/lang/NoSuchMethodError'{0x00000000c4558800}: 'int java.lang.invoke.DirectMethodHandle$Holder.invokeStatic(java.lang.Object)'> (0x00000000c4558800) 
thrown [src/hotspot/share/interpreter/linkResolver.cpp, line 758]
Event: 3,811 Thread 0x00007f92a0025830 Exception <a 'java/lang/NoSuchMethodError'{0x00000000c455bea8}: 'int java.lang.invoke.DirectMethodHandle$Holder.invokeStaticInit(java.lang.Object)'> (0x00000000c455bea8) 
thrown [src/hotspot/share/interpreter/linkResolver.cpp, line 758]
Event: 3,825 Thread 0x00007f9274003520 Exception <a 'sun/nio/fs/UnixException'{0x00000000c44f63e0}> (0x00000000c44f63e0) 
thrown [src/hotspot/share/prims/jni.cpp, line 516]
Event: 3,825 Thread 0x00007f9274003520 Exception <a 'sun/nio/fs/UnixException'{0x00000000c44f6918}> (0x00000000c44f6918) 
thrown [src/hotspot/share/prims/jni.cpp, line 516]
Event: 3,825 Thread 0x00007f9274003520 Exception <a 'sun/nio/fs/UnixException'{0x00000000c44f6e58}> (0x00000000c44f6e58) 
thrown [src/hotspot/share/prims/jni.cpp, line 516]
Event: 3,825 Thread 0x00007f9274003520 Exception <a 'sun/nio/fs/UnixException'{0x00000000c44f7380}> (0x00000000c44f7380) 
thrown [src/hotspot/share/prims/jni.cpp, line 516]
Event: 3,825 Thread 0x00007f9274003520 Exception <a 'sun/nio/fs/UnixException'{0x00000000c44f7880}> (0x00000000c44f7880) 
thrown [src/hotspot/share/prims/jni.cpp, line 516]
Event: 3,825 Thread 0x00007f9274003520 Exception <a 'sun/nio/fs/UnixException'{0x00000000c44f7d80}> (0x00000000c44f7d80) 
thrown [src/hotspot/share/prims/jni.cpp, line 516]
Event: 3,825 Thread 0x00007f9274003520 Exception <a 'sun/nio/fs/UnixException'{0x00000000c44f8280}> (0x00000000c44f8280) 
thrown [src/hotspot/share/prims/jni.cpp, line 516]
Event: 3,826 Thread 0x00007f9274003520 Exception <a 'sun/nio/fs/UnixException'{0x00000000c44f8780}> (0x00000000c44f8780) 
thrown [src/hotspot/share/prims/jni.cpp, line 516]
Event: 3,826 Thread 0x00007f9274003520 Exception <a 'sun/nio/fs/UnixException'{0x00000000c44f8ca0}> (0x00000000c44f8ca0) 
thrown [src/hotspot/share/prims/jni.cpp, line 516]
Event: 3,826 Thread 0x00007f9274003520 Exception <a 'sun/nio/fs/UnixException'{0x00000000c44f91d0}> (0x00000000c44f91d0) 
thrown [src/hotspot/share/prims/jni.cpp, line 516]
Event: 3,826 Thread 0x00007f9274003520 Exception <a 'sun/nio/fs/UnixException'{0x00000000c44f9700}> (0x00000000c44f9700) 
thrown [src/hotspot/share/prims/jni.cpp, line 516]
Event: 3,968 Thread 0x00007f92740065b0 Exception <a 'sun/nio/fs/UnixException'{0x00000000cbb1dad8}> (0x00000000cbb1dad8) 
thrown [src/hotspot/share/prims/jni.cpp, line 516]
Event: 3,968 Thread 0x00007f9274010db0 Exception <a 'sun/nio/fs/UnixException'{0x00000000cbb86f10}> (0x00000000cbb86f10) 
thrown [src/hotspot/share/prims/jni.cpp, line 516]
Event: 3,968 Thread 0x00007f92740065b0 Exception <a 'sun/nio/fs/UnixException'{0x00000000cbb1e310}> (0x00000000cbb1e310) 
thrown [src/hotspot/share/prims/jni.cpp, line 516]
Event: 3,969 Thread 0x00007f9274010db0 Exception <a 'sun/nio/fs/UnixException'{0x00000000cbb87750}> (0x00000000cbb87750) 
thrown [src/hotspot/share/prims/jni.cpp, line 516]
Event: 3,969 Thread 0x00007f9274009ea0 Exception <a 'sun/nio/fs/UnixException'{0x00000000cba2e768}> (0x00000000cba2e768) 
thrown [src/hotspot/share/prims/jni.cpp, line 516]
Event: 3,969 Thread 0x00007f9274009ea0 Exception <a 'sun/nio/fs/UnixException'{0x00000000cba2efa0}> (0x00000000cba2efa0) 
thrown [src/hotspot/share/prims/jni.cpp, line 516]
Event: 3,995 Thread 0x00007f92940306b0 Exception <a 'java/lang/NoSuchMethodError'{0x00000000c46205d0}: 'java.lang.Object java.lang.invoke.DirectMethodHandle$Holder.newInvokeSpecial(java.lang.Object, java.lang.Object, int)'> (0x00000000c46205d0) 
thrown [src/hotspot/share/interpreter/linkResolver.cpp, line 758]

VM Operations (20 events):
Event: 3,710 Executing VM operation: G1CollectForAllocation done
Event: 3,725 Executing VM operation: HandshakeAllThreads
Event: 3,725 Executing VM operation: HandshakeAllThreads done
Event: 3,887 Executing VM operation: G1CollectForAllocation
Event: 3,920 Executing VM operation: G1CollectForAllocation done
Event: 3,953 Executing VM operation: G1CollectForAllocation
Event: 3,966 Executing VM operation: G1CollectForAllocation done
Event: 4,000 Executing VM operation: HandshakeAllThreads
Event: 4,000 Executing VM operation: HandshakeAllThreads done
Event: 4,055 Executing VM operation: G1CollectForAllocation
Event: 4,061 Executing VM operation: G1CollectForAllocation done
Event: 4,104 Executing VM operation: G1CollectForAllocation
Event: 4,110 Executing VM operation: G1CollectForAllocation done
Event: 4,138 Executing VM operation: G1Concurrent
Event: 4,141 Executing VM operation: G1Concurrent done
Event: 4,147 Executing VM operation: HandshakeAllThreads
Event: 4,148 Executing VM operation: HandshakeAllThreads done
Event: 4,156 Executing VM operation: G1Concurrent
Event: 4,156 Executing VM operation: G1Concurrent done
Event: 4,287 Executing VM operation: G1CollectForAllocation

Events (20 events):
Event: 4,282 loading class java/nio/file/ProviderMismatchException
Event: 4,282 loading class java/nio/file/ProviderMismatchException done
Event: 4,284 loading class java/nio/file/FileStore
Event: 4,284 loading class java/nio/file/FileStore done
Event: 4,284 loading class java/nio/channels/AsynchronousFileChannel
Event: 4,284 loading class java/nio/channels/AsynchronousFileChannel done
Event: 4,284 loading class jdk/internal/jrtfs/JrtFileSystemProvider
Event: 4,284 loading class jdk/internal/jrtfs/JrtFileSystemProvider done
Event: 4,285 loading class sun/net/www/protocol/jrt/JavaRuntimeURLConnection
Event: 4,285 loading class sun/net/www/protocol/jrt/JavaRuntimeURLConnection done
Event: 4,285 loading class sun/net/www/protocol/jrt/JavaRuntimeURLConnection$1
Event: 4,285 loading class sun/net/www/protocol/jrt/JavaRuntimeURLConnection$1 done
Event: 4,286 loading class jdk/internal/jrtfs/JrtFileSystemProvider$1
Event: 4,286 loading class jdk/internal/jrtfs/JrtFileSystemProvider$1 done
Event: 4,286 loading class jdk/internal/jrtfs/JrtFileSystemProvider$JrtFsLoader
Event: 4,286 loading class jdk/internal/jrtfs/JrtFileSystemProvider$JrtFsLoader done
Event: 4,286 loading class java/net/URLClassLoader$2
Event: 4,286 loading class java/net/URLClassLoader$2 done
Event: 4,286 loading class java/net/URLClassLoader$1
Event: 4,286 loading class java/net/URLClassLoader$1 done


Dynamic libraries:
c0000000-c9600000 rw-p 00000000 00:00 0 
c9600000-ca400000 ---p 00000000 00:00 0 
ca400000-ca500000 rw-p 00000000 00:00 0 
ca500000-ca600000 ---p 00000000 00:00 0 
ca600000-ca700000 rw-p 00000000 00:00 0 
ca700000-cba00000 ---p 00000000 00:00 0 
cba00000-cbc00000 rw-p 00000000 00:00 0 
cbc00000-100000000 ---p 00000000 00:00 0 
100000000-100020000 rw-p 00000000 00:00 0 
100020000-100040000 rw-p 00000000 00:00 0 
100040000-1000c0000 rw-p 00000000 00:00 0 
1000c0000-100140000 rw-p 00000000 00:00 0 
100140000-100180000 rw-p 00000000 00:00 0 
100180000-1001e0000 rw-p 00000000 00:00 0 
1001e0000-100240000 rw-p 00000000 00:00 0 
100240000-100280000 rw-p 00000000 00:00 0 
100280000-1003f0000 rw-p 00000000 00:00 0 
1003f0000-100400000 ---p 00000000 00:00 0 
100400000-100580000 rw-p 00000000 00:00 0 
100580000-140000000 ---p 00000000 00:00 0 
55da43208000-55da43209000 r--p 00000000 08:01 1835236                    /root/.vscode/extensions/redhat.java-1.20.0-linux-x64/jre/17.0.7-linux-x86_64/bin/java
55da43209000-55da4320a000 r-xp 00001000 08:01 1835236                    /root/.vscode/extensions/redhat.java-1.20.0-linux-x64/jre/17.0.7-linux-x86_64/bin/java
55da4320a000-55da4320b000 r--p 00002000 08:01 1835236                    /root/.vscode/extensions/redhat.java-1.20.0-linux-x64/jre/17.0.7-linux-x86_64/bin/java
55da4320b000-55da4320c000 r--p 00002000 08:01 1835236                    /root/.vscode/extensions/redhat.java-1.20.0-linux-x64/jre/17.0.7-linux-x86_64/bin/java
55da4320c000-55da4320d000 rw-p 00003000 08:01 1835236                    /root/.vscode/extensions/redhat.java-1.20.0-linux-x64/jre/17.0.7-linux-x86_64/bin/java
55da44649000-55da44691000 rw-p 00000000 00:00 0                          [heap]
7f922c000000-7f922c109000 rw-p 00000000 00:00 0 
7f922c109000-7f9230000000 ---p 00000000 00:00 0 
7f9230000000-7f9230021000 rw-p 00000000 00:00 0 
7f9230021000-7f9234000000 ---p 00000000 00:00 0 
7f9234000000-7f9234021000 rw-p 00000000 00:00 0 
7f9234021000-7f9238000000 ---p 00000000 00:00 0 
7f9238000000-7f9238021000 rw-p 00000000 00:00 0 
7f9238021000-7f923c000000 ---p 00000000 00:00 0 
7f923c000000-7f923c021000 rw-p 00000000 00:00 0 
7f923c021000-7f9240000000 ---p 00000000 00:00 0 
7f9240000000-7f924003d000 rw-p 00000000 00:00 0 
7f924003d000-7f9244000000 ---p 00000000 00:00 0 
7f9244000000-7f9244021000 rw-p 00000000 00:00 0 
7f9244021000-7f9248000000 ---p 00000000 00:00 0 
7f9248000000-7f9248023000 rw-p 00000000 00:00 0 
7f9248023000-7f924c000000 ---p 00000000 00:00 0 
7f924c000000-7f924c021000 rw-p 00000000 00:00 0 
7f924c021000-7f9250000000 ---p 00000000 00:00 0 
7f9250000000-7f925002a000 rw-p 00000000 00:00 0 
7f925002a000-7f9254000000 ---p 00000000 00:00 0 
7f9254000000-7f9254021000 rw-p 00000000 00:00 0 
7f9254021000-7f9258000000 ---p 00000000 00:00 0 
7f9258000000-7f9258021000 rw-p 00000000 00:00 0 
7f9258021000-7f925c000000 ---p 00000000 00:00 0 
7f925c000000-7f925c038000 rw-p 00000000 00:00 0 
7f925c038000-7f9260000000 ---p 00000000 00:00 0 
7f9260000000-7f9260036000 rw-p 00000000 00:00 0 
7f9260036000-7f9264000000 ---p 00000000 00:00 0 
7f9264000000-7f926404a000 rw-p 00000000 00:00 0 
7f926404a000-7f9268000000 ---p 00000000 00:00 0 
7f9268000000-7f9268021000 rw-p 00000000 00:00 0 
7f9268021000-7f926c000000 ---p 00000000 00:00 0 
7f926c000000-7f926c030000 rw-p 00000000 00:00 0 
7f926c030000-7f9270000000 ---p 00000000 00:00 0 
7f9270000000-7f92700b6000 rw-p 00000000 00:00 0 
7f92700b6000-7f9274000000 ---p 00000000 00:00 0 
7f9274000000-7f9274021000 rw-p 00000000 00:00 0 
7f9274021000-7f9278000000 ---p 00000000 00:00 0 
7f9278000000-7f927802d000 rw-p 00000000 00:00 0 
7f927802d000-7f927c000000 ---p 00000000 00:00 0 
7f927c000000-7f927c051000 rw-p 00000000 00:00 0 
7f927c051000-7f9280000000 ---p 00000000 00:00 0 
7f9280000000-7f9280021000 rw-p 00000000 00:00 0 
7f9280021000-7f9284000000 ---p 00000000 00:00 0 
7f9284000000-7f9284021000 rw-p 00000000 00:00 0 
7f9284021000-7f9288000000 ---p 00000000 00:00 0 
7f9288000000-7f9288021000 rw-p 00000000 00:00 0 
7f9288021000-7f928c000000 ---p 00000000 00:00 0 
7f928c000000-7f928c021000 rw-p 00000000 00:00 0 
7f928c021000-7f9290000000 ---p 00000000 00:00 0 
7f9290000000-7f9290021000 rw-p 00000000 00:00 0 
7f9290021000-7f9294000000 ---p 00000000 00:00 0 
7f9294000000-7f92940c4000 rw-p 00000000 00:00 0 
7f92940c4000-7f9298000000 ---p 00000000 00:00 0 
7f9298000000-7f92980a6000 rw-p 00000000 00:00 0 
7f92980a6000-7f929c000000 ---p 00000000 00:00 0 
7f929c000000-7f929c021000 rw-p 00000000 00:00 0 
7f929c021000-7f92a0000000 ---p 00000000 00:00 0 
7f92a0000000-7f92a002b000 rw-p 00000000 00:00 0 
7f92a002b000-7f92a4000000 ---p 00000000 00:00 0 
7f92a4000000-7f92a4021000 rw-p 00000000 00:00 0 
7f92a4021000-7f92a8000000 ---p 00000000 00:00 0 
7f92a8000000-7f92a8021000 rw-p 00000000 00:00 0 
7f92a8021000-7f92ac000000 ---p 00000000 00:00 0 
7f92ac000000-7f92ac021000 rw-p 00000000 00:00 0 
7f92ac021000-7f92b0000000 ---p 00000000 00:00 0 
7f92b0000000-7f92b01fa000 rw-p 00000000 00:00 0 
7f92b01fa000-7f92b4000000 ---p 00000000 00:00 0 
7f92b4000000-7f92b4021000 rw-p 00000000 00:00 0 
7f92b4021000-7f92b8000000 ---p 00000000 00:00 0 
7f92b8000000-7f92b8021000 rw-p 00000000 00:00 0 
7f92b8021000-7f92bc000000 ---p 00000000 00:00 0 
7f92bc000000-7f92bc021000 rw-p 00000000 00:00 0 
7f92bc021000-7f92c0000000 ---p 00000000 00:00 0 
7f92c0000000-7f92c0021000 rw-p 00000000 00:00 0 
7f92c0021000-7f92c4000000 ---p 00000000 00:00 0 
7f92c4000000-7f92c4021000 rw-p 00000000 00:00 0 
7f92c4021000-7f92c8000000 ---p 00000000 00:00 0 
7f92c8000000-7f92c8021000 rw-p 00000000 00:00 0 
7f92c8021000-7f92cc000000 ---p 00000000 00:00 0 
7f92cd3f7000-7f92cd7e5000 rw-p 00000000 00:00 0 
7f92cd7e5000-7f92cd7e9000 ---p 00000000 00:00 0 
7f92cd7e9000-7f92cd8e5000 rw-p 00000000 00:00 0 
7f92cd8e5000-7f92cd8e9000 ---p 00000000 00:00 0 
7f92cd8e9000-7f92cda5b000 rw-p 00000000 00:00 0 
7f92cda5b000-7f92cda5c000 ---p 00000000 00:00 0 
7f92cda5c000-7f92cdb5d000 rw-p 00000000 00:00 0 
7f92cdb5d000-7f92cdb61000 ---p 00000000 00:00 0 
7f92cdb61000-7f92cdc5d000 rw-p 00000000 00:00 0 
7f92cdc5d000-7f92cdc61000 ---p 00000000 00:00 0 
7f92cdc61000-7f92cdd5d000 rw-p 00000000 00:00 0 
7f92cdd5d000-7f92cdd61000 ---p 00000000 00:00 0 
7f92cdd61000-7f92cde5d000 rw-p 00000000 00:00 0 
7f92cde5d000-7f92cde61000 ---p 00000000 00:00 0 
7f92cde61000-7f92cdff2000 rw-p 00000000 00:00 0 
7f92cdff2000-7f92cdff6000 ---p 00000000 00:00 0 
7f92cdff6000-7f92ce0f2000 rw-p 00000000 00:00 0 
7f92ce0f2000-7f92ce0f6000 ---p 00000000 00:00 0 
7f92ce0f6000-7f92ce1f2000 rw-p 00000000 00:00 0 
7f92ce1f2000-7f92ce1f6000 ---p 00000000 00:00 0 
7f92ce1f6000-7f92ce2f2000 rw-p 00000000 00:00 0 
7f92ce2f2000-7f92ce2f6000 ---p 00000000 00:00 0 
7f92ce2f6000-7f92ce3f2000 rw-p 00000000 00:00 0 
7f92ce3f2000-7f92ce3f6000 ---p 00000000 00:00 0 
7f92ce3f6000-7f92ce4f2000 rw-p 00000000 00:00 0 
7f92ce4f2000-7f92ce4f6000 ---p 00000000 00:00 0 
7f92ce4f6000-7f92ce5f2000 rw-p 00000000 00:00 0 
7f92ce5f2000-7f92ce5f6000 ---p 00000000 00:00 0 
7f92ce5f6000-7f92ce6f2000 rw-p 00000000 00:00 0 
7f92ce6f2000-7f92ce6f6000 ---p 00000000 00:00 0 
7f92ce6f6000-7f92ce7f2000 rw-p 00000000 00:00 0 
7f92ce7f2000-7f92ce7f6000 ---p 00000000 00:00 0 
7f92ce7f6000-7f92ce8f2000 rw-p 00000000 00:00 0 
7f92ce8f2000-7f92ce8f6000 ---p 00000000 00:00 0 
7f92ce8f6000-7f92ce9f2000 rw-p 00000000 00:00 0 
7f92ce9f2000-7f92ce9f6000 ---p 00000000 00:00 0 
7f92ce9f6000-7f92ceaf2000 rw-p 00000000 00:00 0 
7f92ceaf2000-7f92ceaf6000 ---p 00000000 00:00 0 
7f92ceaf6000-7f92cebf2000 rw-p 00000000 00:00 0 
7f92cebf2000-7f92cebf6000 ---p 00000000 00:00 0 
7f92cebf6000-7f92cecf2000 rw-p 00000000 00:00 0 
7f92cecf2000-7f92cecf6000 ---p 00000000 00:00 0 
7f92cecf6000-7f92cedf2000 rw-p 00000000 00:00 0 
7f92cedf2000-7f92cedf6000 ---p 00000000 00:00 0 
7f92cedf6000-7f92ceef2000 rw-p 00000000 00:00 0 
7f92ceef2000-7f92ceef6000 ---p 00000000 00:00 0 
7f92ceef6000-7f92ceff2000 rw-p 00000000 00:00 0 
7f92ceff2000-7f92ceff6000 ---p 00000000 00:00 0 
7f92ceff6000-7f92cf0f2000 rw-p 00000000 00:00 0 
7f92cf0f2000-7f92cf0f6000 ---p 00000000 00:00 0 
7f92cf0f6000-7f92cf1f2000 rw-p 00000000 00:00 0 
7f92cf1f2000-7f92cf1f6000 ---p 00000000 00:00 0 
7f92cf1f6000-7f92cf2f2000 rw-p 00000000 00:00 0 
7f92cf2f2000-7f92cf2f6000 ---p 00000000 00:00 0 
7f92cf2f6000-7f92cf3f2000 rw-p 00000000 00:00 0 
7f92cf3f2000-7f92cf3f6000 ---p 00000000 00:00 0 
7f92cf3f6000-7f92cf4f2000 rw-p 00000000 00:00 0 
7f92cf4f2000-7f92cf4f6000 ---p 00000000 00:00 0 
7f92cf4f6000-7f92cf5f2000 rw-p 00000000 00:00 0 
7f92cf5f2000-7f92cf5f6000 ---p 00000000 00:00 0 
7f92cf5f6000-7f92cf6f2000 rw-p 00000000 00:00 0 
7f92cf6f2000-7f92cf6f6000 ---p 00000000 00:00 0 
7f92cf6f6000-7f92cf7f2000 rw-p 00000000 00:00 0 
7f92cf7f2000-7f92cf7f3000 ---p 00000000 00:00 0 
7f92cf7f3000-7f92cf8f4000 rw-p 00000000 00:00 0 
7f92cf8f4000-7f92cf8f8000 ---p 00000000 00:00 0 
7f92cf8f8000-7f92cf9f4000 rw-p 00000000 00:00 0 
7f92cf9f4000-7f92cf9f5000 ---p 00000000 00:00 0 
7f92cf9f5000-7f92cfaf6000 rw-p 00000000 00:00 0 
7f92cfaf6000-7f92cfaf7000 ---p 00000000 00:00 0 
7f92cfaf7000-7f92cfbf8000 rw-p 00000000 00:00 0 
7f92cfbf8000-7f92cfbf9000 ---p 00000000 00:00 0 
7f92cfbf9000-7f92cfcfa000 rw-p 00000000 00:00 0 
7f92cfcfa000-7f92cfcfb000 ---p 00000000 00:00 0 
7f92cfcfb000-7f92cfdfc000 rw-p 00000000 00:00 0 
7f92cfdfc000-7f92cfdfd000 ---p 00000000 00:00 0 
7f92cfdfd000-7f92cfefe000 rw-p 00000000 00:00 0 
7f92cfefe000-7f92cfeff000 ---p 00000000 00:00 0 
7f92cfeff000-7f92d0000000 rw-p 00000000 00:00 0 
7f92d0000000-7f92d0345000 rw-p 00000000 00:00 0 
7f92d0345000-7f92d4000000 ---p 00000000 00:00 0 
7f92d4000000-7f92d4215000 rw-p 00000000 00:00 0 
7f92d4215000-7f92d8000000 ---p 00000000 00:00 0 
7f92d8000000-7f92d8021000 rw-p 00000000 00:00 0 
7f92d8021000-7f92dc000000 ---p 00000000 00:00 0 
7f92dc000000-7f92dc34f000 rw-p 00000000 00:00 0 
7f92dc34f000-7f92e0000000 ---p 00000000 00:00 0 
7f92e0000000-7f92e0021000 rw-p 00000000 00:00 0 
7f92e0021000-7f92e4000000 ---p 00000000 00:00 0 
7f92e4000000-7f92e4021000 rw-p 00000000 00:00 0 
7f92e4021000-7f92e8000000 ---p 00000000 00:00 0 
7f92e8000000-7f92e825c000 rw-p 00000000 00:00 0 
7f92e825c000-7f92ec000000 ---p 00000000 00:00 0 
7f92ec000000-7f92ec021000 rw-p 00000000 00:00 0 
7f92ec021000-7f92f0000000 ---p 00000000 00:00 0 
7f92f0000000-7f92f0021000 rw-p 00000000 00:00 0 
7f92f0021000-7f92f4000000 ---p 00000000 00:00 0 
7f92f4000000-7f92f4021000 rw-p 00000000 00:00 0 
7f92f4021000-7f92f8000000 ---p 00000000 00:00 0 
7f92f8000000-7f92f8021000 rw-p 00000000 00:00 0 
7f92f8021000-7f92fc000000 ---p 00000000 00:00 0 
7f92fc000000-7f92fc021000 rw-p 00000000 00:00 0 
7f92fc021000-7f9300000000 ---p 00000000 00:00 0 
7f9300000000-7f9300021000 rw-p 00000000 00:00 0 
7f9300021000-7f9304000000 ---p 00000000 00:00 0 
7f9304000000-7f9304021000 rw-p 00000000 00:00 0 
7f9304021000-7f9308000000 ---p 00000000 00:00 0 
7f9308000000-7f9308400000 rw-p 00000000 00:00 0 
7f9308400000-7f9308480000 rw-p 00000000 00:00 0 
7f9308480000-7f9308500000 rw-p 00000000 00:00 0 
7f9308500000-7f9308700000 rw-p 00000000 00:00 0 
7f9308700000-7f9308800000 rw-p 00000000 00:00 0 
7f9308800000-7f9308900000 rw-p 00000000 00:00 0 
7f9308900000-7f9308a00000 rw-p 00000000 00:00 0 
7f9308a00000-7f9308b80000 rw-p 00000000 00:00 0 
7f9308b80000-7f9308c00000 rw-p 00000000 00:00 0 
7f9308c00000-7f9308c80000 rw-p 00000000 00:00 0 
7f9308c80000-7f9308d00000 rw-p 00000000 00:00 0 
7f9308d00000-7f9308f00000 rw-p 00000000 00:00 0 
7f9308f00000-7f9309000000 rw-p 00000000 00:00 0 
7f9309000000-7f9309500000 rw-p 00000000 00:00 0 
7f9309500000-7f9309600000 rw-p 00000000 00:00 0 
7f9309600000-7f9309fc0000 rw-p 00000000 00:00 0 
7f9309fc0000-7f930a000000 rw-p 00000000 00:00 0 
7f930a000000-7f930a380000 rw-p 00000000 00:00 0 
7f930a380000-7f930a390000 rw-p 00000000 00:00 0 
7f930a390000-7f930a400000 ---p 00000000 00:00 0 
7f930a400000-7f930a420000 rw-p 00000000 00:00 0 
7f930a420000-7f930c000000 ---p 00000000 00:00 0 
7f930c000000-7f930c021000 rw-p 00000000 00:00 0 
7f930c021000-7f9310000000 ---p 00000000 00:00 0 
7f9310000000-7f9310021000 rw-p 00000000 00:00 0 
7f9310021000-7f9314000000 ---p 00000000 00:00 0 
7f9314000000-7f9314021000 rw-p 00000000 00:00 0 
7f9314021000-7f9318000000 ---p 00000000 00:00 0 
7f9318000000-7f9318021000 rw-p 00000000 00:00 0 
7f9318021000-7f931c000000 ---p 00000000 00:00 0 
7f931c000000-7f931c036000 rw-p 00000000 00:00 0 
7f931c036000-7f9320000000 ---p 00000000 00:00 0 
7f932000c000-7f9320083000 rw-p 00000000 00:00 0 
7f9320083000-7f9320085000 r--p 00000000 08:01 1835630                    /root/.vscode/extensions/redhat.java-1.20.0-linux-x64/jre/17.0.7-linux-x86_64/lib/libmanagement_ext.so
7f9320085000-7f9320088000 r-xp 00002000 08:01 1835630                    /root/.vscode/extensions/redhat.java-1.20.0-linux-x64/jre/17.0.7-linux-x86_64/lib/libmanagement_ext.so
7f9320088000-7f9320089000 r--p 00005000 08:01 1835630                    /root/.vscode/extensions/redhat.java-1.20.0-linux-x64/jre/17.0.7-linux-x86_64/lib/libmanagement_ext.so
7f9320089000-7f932008a000 ---p 00006000 08:01 1835630                    /root/.vscode/extensions/redhat.java-1.20.0-linux-x64/jre/17.0.7-linux-x86_64/lib/libmanagement_ext.so
7f932008a000-7f932008b000 r--p 00006000 08:01 1835630                    /root/.vscode/extensions/redhat.java-1.20.0-linux-x64/jre/17.0.7-linux-x86_64/lib/libmanagement_ext.so
7f932008b000-7f932008c000 rw-p 00007000 08:01 1835630                    /root/.vscode/extensions/redhat.java-1.20.0-linux-x64/jre/17.0.7-linux-x86_64/lib/libmanagement_ext.so
7f9320091000-7f9320092000 ---p 00000000 00:00 0 
7f9320092000-7f9320193000 rw-p 00000000 00:00 0 
7f9320193000-7f93201b7000 r--p 00000000 08:01 4633086                    /usr/share/locale/pt_BR/LC_MESSAGES/libc.mo
7f93201ba000-7f93201be000 ---p 00000000 00:00 0 
7f93201be000-7f93202ba000 rw-p 00000000 00:00 0 
7f93202ba000-7f93202be000 ---p 00000000 00:00 0 
7f93202be000-7f93203ba000 rw-p 00000000 00:00 0 
7f93203ba000-7f93203be000 ---p 00000000 00:00 0 
7f93203be000-7f93204eb000 rw-p 00000000 00:00 0 
7f93204eb000-7f93204ef000 r--p 00000000 08:01 1835633                    /root/.vscode/extensions/redhat.java-1.20.0-linux-x64/jre/17.0.7-linux-x86_64/lib/libnet.so
7f93204ef000-7f93204fd000 r-xp 00004000 08:01 1835633                    /root/.vscode/extensions/redhat.java-1.20.0-linux-x64/jre/17.0.7-linux-x86_64/lib/libnet.so
7f93204fd000-7f9320501000 r--p 00012000 08:01 1835633                    /root/.vscode/extensions/redhat.java-1.20.0-linux-x64/jre/17.0.7-linux-x86_64/lib/libnet.so
7f9320501000-7f9320502000 r--p 00015000 08:01 1835633                    /root/.vscode/extensions/redhat.java-1.20.0-linux-x64/jre/17.0.7-linux-x86_64/lib/libnet.so
7f9320502000-7f9320503000 rw-p 00016000 08:01 1835633                    /root/.vscode/extensions/redhat.java-1.20.0-linux-x64/jre/17.0.7-linux-x86_64/lib/libnet.so
7f9320509000-7f932050d000 ---p 00000000 00:00 0 
7f932050d000-7f9320609000 rw-p 00000000 00:00 0 
7f9320609000-7f932060a000 ---p 00000000 00:00 0 
7f932060a000-7f932070b000 rw-p 00000000 00:00 0 
7f932070b000-7f932070f000 ---p 00000000 00:00 0 
7f932070f000-7f932080b000 rw-p 00000000 00:00 0 
7f932080b000-7f932080f000 ---p 00000000 00:00 0 
7f932080f000-7f932090b000 rw-p 00000000 00:00 0 
7f932090b000-7f932090f000 ---p 00000000 00:00 0 
7f932090f000-7f9320a0b000 rw-p 00000000 00:00 0 
7f9320a0b000-7f9320a0f000 ---p 00000000 00:00 0 
7f9320a0f000-7f9320b0b000 rw-p 00000000 00:00 0 
7f9320b0b000-7f9320b0f000 ---p 00000000 00:00 0 
7f9320b0f000-7f9320c0b000 rw-p 00000000 00:00 0 
7f9320c0b000-7f9320c0f000 ---p 00000000 00:00 0 
7f9320c0f000-7f9320d0b000 rw-p 00000000 00:00 0 
7f9320d0b000-7f9320ff4000 r--p 00000000 08:01 4590472                    /usr/lib/locale/locale-archive
7f9320ff5000-7f9320ff9000 ---p 00000000 00:00 0 
7f9320ff9000-7f93210f5000 rw-p 00000000 00:00 0 
7f93210f5000-7f93210f9000 ---p 00000000 00:00 0 
7f93210f9000-7f93211f5000 rw-p 00000000 00:00 0 
7f93211f5000-7f93211f6000 ---p 00000000 00:00 0 
7f93211f6000-7f93213d3000 rw-p 00000000 00:00 0 
7f93213d3000-7f93213d4000 ---p 00000000 00:00 0 
7f93213d4000-7f93214d5000 rw-p 00000000 00:00 0 
7f93214d5000-7f93214d6000 ---p 00000000 00:00 0 
7f93214d6000-7f9323ddf000 rw-p 00000000 00:00 0 
7f9323ddf000-7f9323de0000 ---p 00000000 00:00 0 
7f9323de0000-7f9323ee1000 rw-p 00000000 00:00 0 
7f9323ee1000-7f9323ee2000 ---p 00000000 00:00 0 
7f9323ee2000-7f932423b000 rw-p 00000000 00:00 0 
7f932423b000-7f9324273000 ---p 00000000 00:00 0 
7f9324273000-7f9324277000 rw-p 00000000 00:00 0 
7f9324277000-7f932427b000 ---p 00000000 00:00 0 
7f932427b000-7f932427f000 rw-p 00000000 00:00 0 
7f932427f000-7f93242cb000 ---p 00000000 00:00 0 
7f93242cb000-7f93242d3000 rw-p 00000000 00:00 0 
7f93242d3000-7f9324fe3000 ---p 00000000 00:00 0 
7f9324fe3000-7f932523b000 rw-p 00000000 00:00 0 
7f932523b000-7f9325273000 ---p 00000000 00:00 0 
7f9325273000-7f9325277000 rw-p 00000000 00:00 0 
7f9325277000-7f932527b000 ---p 00000000 00:00 0 
7f932527b000-7f932527f000 rw-p 00000000 00:00 0 
7f932527f000-7f93252cb000 ---p 00000000 00:00 0 
7f93252cb000-7f93252d3000 rw-p 00000000 00:00 0 
7f93252d3000-7f9325fe3000 ---p 00000000 00:00 0 
7f9325fe3000-7f932602e000 rw-p 00000000 00:00 0 
7f932602e000-7f9326035000 ---p 00000000 00:00 0 
7f9326035000-7f9326037000 rw-p 00000000 00:00 0 
7f9326037000-7f9326040000 ---p 00000000 00:00 0 
7f9326040000-7f9326041000 rw-p 00000000 00:00 0 
7f9326041000-7f93261e3000 ---p 00000000 00:00 0 
7f93261e3000-7f932622e000 rw-p 00000000 00:00 0 
7f932622e000-7f9326235000 ---p 00000000 00:00 0 
7f9326235000-7f9326237000 rw-p 00000000 00:00 0 
7f9326237000-7f9326240000 ---p 00000000 00:00 0 
7f9326240000-7f9326241000 rw-p 00000000 00:00 0 
7f9326241000-7f93263e3000 ---p 00000000 00:00 0 
7f93263e3000-7f9326cf3000 rwxp 00000000 00:00 0 
7f9326cf3000-7f93293e3000 ---p 00000000 00:00 0 
7f93293e3000-7f932bff9000 r--s 00000000 08:01 1835642                    /root/.vscode/extensions/redhat.java-1.20.0-linux-x64/jre/17.0.7-linux-x86_64/lib/modules
7f932c000000-7f932d225000 rw-p 00000000 00:00 0 
7f932d225000-7f9330000000 ---p 00000000 00:00 0 
7f933000b000-7f933000e000 r--p 00000000 08:01 1835631                    /root/.vscode/extensions/redhat.java-1.20.0-linux-x64/jre/17.0.7-linux-x86_64/lib/libmanagement.so
7f933000e000-7f933000f000 r-xp 00003000 08:01 1835631                    /root/.vscode/extensions/redhat.java-1.20.0-linux-x64/jre/17.0.7-linux-x86_64/lib/libmanagement.so
7f933000f000-7f9330010000 r--p 00004000 08:01 1835631                    /root/.vscode/extensions/redhat.java-1.20.0-linux-x64/jre/17.0.7-linux-x86_64/lib/libmanagement.so
7f9330010000-7f9330011000 r--p 00004000 08:01 1835631                    /root/.vscode/extensions/redhat.java-1.20.0-linux-x64/jre/17.0.7-linux-x86_64/lib/libmanagement.so
7f9330011000-7f9330012000 rw-p 00005000 08:01 1835631                    /root/.vscode/extensions/redhat.java-1.20.0-linux-x64/jre/17.0.7-linux-x86_64/lib/libmanagement.so
7f9330013000-7f933001a000 r--s 00000000 08:01 4596873                    /usr/lib/x86_64-linux-gnu/gconv/gconv-modules.cache
7f933001b000-7f9330022000 r--p 00000000 08:01 1835634                    /root/.vscode/extensions/redhat.java-1.20.0-linux-x64/jre/17.0.7-linux-x86_64/lib/libnio.so
7f9330022000-7f933002b000 r-xp 00007000 08:01 1835634                    /root/.vscode/extensions/redhat.java-1.20.0-linux-x64/jre/17.0.7-linux-x86_64/lib/libnio.so
7f933002b000-7f933002f000 r--p 00010000 08:01 1835634                    /root/.vscode/extensions/redhat.java-1.20.0-linux-x64/jre/17.0.7-linux-x86_64/lib/libnio.so
7f933002f000-7f9330030000 ---p 00014000 08:01 1835634                    /root/.vscode/extensions/redhat.java-1.20.0-linux-x64/jre/17.0.7-linux-x86_64/lib/libnio.so
7f9330030000-7f9330031000 r--p 00014000 08:01 1835634                    /root/.vscode/extensions/redhat.java-1.20.0-linux-x64/jre/17.0.7-linux-x86_64/lib/libnio.so
7f9330031000-7f9330032000 rw-p 00015000 08:01 1835634                    /root/.vscode/extensions/redhat.java-1.20.0-linux-x64/jre/17.0.7-linux-x86_64/lib/libnio.so
7f9330033000-7f9330035000 r--p 00000000 08:01 1835641                    /root/.vscode/extensions/redhat.java-1.20.0-linux-x64/jre/17.0.7-linux-x86_64/lib/libzip.so
7f9330035000-7f9330039000 r-xp 00002000 08:01 1835641                    /root/.vscode/extensions/redhat.java-1.20.0-linux-x64/jre/17.0.7-linux-x86_64/lib/libzip.so
7f9330039000-7f933003b000 r--p 00006000 08:01 1835641                    /root/.vscode/extensions/redhat.java-1.20.0-linux-x64/jre/17.0.7-linux-x86_64/lib/libzip.so
7f933003b000-7f933003c000 r--p 00007000 08:01 1835641                    /root/.vscode/extensions/redhat.java-1.20.0-linux-x64/jre/17.0.7-linux-x86_64/lib/libzip.so
7f933003c000-7f933003d000 rw-p 00008000 08:01 1835641                    /root/.vscode/extensions/redhat.java-1.20.0-linux-x64/jre/17.0.7-linux-x86_64/lib/libzip.so
7f933003d000-7f933007e000 rw-p 00000000 00:00 0 
7f933007e000-7f933007f000 ---p 00000000 00:00 0 
7f933007f000-7f933020e000 rw-p 00000000 00:00 0 
7f933020e000-7f9330215000 ---p 00000000 00:00 0 
7f9330215000-7f9330217000 rw-p 00000000 00:00 0 
7f9330217000-7f9330220000 ---p 00000000 00:00 0 
7f9330220000-7f9330221000 rw-p 00000000 00:00 0 
7f9330221000-7f93303c3000 ---p 00000000 00:00 0 
7f93303c3000-7f9330bde000 rw-p 00000000 00:00 0 
7f9330bde000-7f9330c2b000 ---p 00000000 00:00 0 
7f9330c2b000-7f9330c38000 r--p 00000000 08:01 1835620                    /root/.vscode/extensions/redhat.java-1.20.0-linux-x64/jre/17.0.7-linux-x86_64/lib/libjava.so
7f9330c38000-7f9330c4a000 r-xp 0000d000 08:01 1835620                    /root/.vscode/extensions/redhat.java-1.20.0-linux-x64/jre/17.0.7-linux-x86_64/lib/libjava.so
7f9330c4a000-7f9330c50000 r--p 0001f000 08:01 1835620                    /root/.vscode/extensions/redhat.java-1.20.0-linux-x64/jre/17.0.7-linux-x86_64/lib/libjava.so
7f9330c50000-7f9330c51000 ---p 00025000 08:01 1835620                    /root/.vscode/extensions/redhat.java-1.20.0-linux-x64/jre/17.0.7-linux-x86_64/lib/libjava.so
7f9330c51000-7f9330c52000 r--p 00025000 08:01 1835620                    /root/.vscode/extensions/redhat.java-1.20.0-linux-x64/jre/17.0.7-linux-x86_64/lib/libjava.so
7f9330c52000-7f9330c53000 rw-p 00026000 08:01 1835620                    /root/.vscode/extensions/redhat.java-1.20.0-linux-x64/jre/17.0.7-linux-x86_64/lib/libjava.so
7f9330c53000-7f9330c54000 rw-p 00000000 00:00 0 
7f9330c5b000-7f9330c5f000 r--p 00000000 08:01 1835624                    /root/.vscode/extensions/redhat.java-1.20.0-linux-x64/jre/17.0.7-linux-x86_64/lib/libjimage.so
7f9330c5f000-7f9330c72000 r-xp 00004000 08:01 1835624                    /root/.vscode/extensions/redhat.java-1.20.0-linux-x64/jre/17.0.7-linux-x86_64/lib/libjimage.so
7f9330c72000-7f9330c78000 r--p 00017000 08:01 1835624                    /root/.vscode/extensions/redhat.java-1.20.0-linux-x64/jre/17.0.7-linux-x86_64/lib/libjimage.so
7f9330c78000-7f9330c7a000 r--p 0001c000 08:01 1835624                    /root/.vscode/extensions/redhat.java-1.20.0-linux-x64/jre/17.0.7-linux-x86_64/lib/libjimage.so
7f9330c7a000-7f9330c7b000 rw-p 0001e000 08:01 1835624                    /root/.vscode/extensions/redhat.java-1.20.0-linux-x64/jre/17.0.7-linux-x86_64/lib/libjimage.so
7f9330c7b000-7f9330c7f000 ---p 00000000 00:00 0 
7f9330c7f000-7f9330d7b000 rw-p 00000000 00:00 0 
7f9330d7b000-7f9330d8b000 r--p 00000000 08:01 4596598                    /usr/lib/x86_64-linux-gnu/libm.so.6
7f9330d8b000-7f9330dfe000 r-xp 00010000 08:01 4596598                    /usr/lib/x86_64-linux-gnu/libm.so.6
7f9330dfe000-7f9330e58000 r--p 00083000 08:01 4596598                    /usr/lib/x86_64-linux-gnu/libm.so.6
7f9330e58000-7f9330e59000 r--p 000dc000 08:01 4596598                    /usr/lib/x86_64-linux-gnu/libm.so.6
7f9330e59000-7f9330e5a000 rw-p 000dd000 08:01 4596598                    /usr/lib/x86_64-linux-gnu/libm.so.6
7f9330e5b000-7f9330e5c000 r--p 00000000 08:01 4596618                    /usr/lib/x86_64-linux-gnu/librt.so.1
7f9330e5c000-7f9330e5d000 r-xp 00001000 08:01 4596618                    /usr/lib/x86_64-linux-gnu/librt.so.1
7f9330e5d000-7f9330e5e000 r--p 00002000 08:01 4596618                    /usr/lib/x86_64-linux-gnu/librt.so.1
7f9330e5e000-7f9330e5f000 r--p 00002000 08:01 4596618                    /usr/lib/x86_64-linux-gnu/librt.so.1
7f9330e5f000-7f9330e60000 rw-p 00003000 08:01 4596618                    /usr/lib/x86_64-linux-gnu/librt.so.1
7f9330e63000-7f93310b5000 r--p 00000000 08:01 1835652                    /root/.vscode/extensions/redhat.java-1.20.0-linux-x64/jre/17.0.7-linux-x86_64/lib/server/libjvm.so
7f93310b5000-7f9331dd5000 r-xp 00252000 08:01 1835652                    /root/.vscode/extensions/redhat.java-1.20.0-linux-x64/jre/17.0.7-linux-x86_64/lib/server/libjvm.so
7f9331dd5000-7f9332061000 r--p 00f72000 08:01 1835652                    /root/.vscode/extensions/redhat.java-1.20.0-linux-x64/jre/17.0.7-linux-x86_64/lib/server/libjvm.so
7f9332061000-7f9332062000 ---p 011fe000 08:01 1835652                    /root/.vscode/extensions/redhat.java-1.20.0-linux-x64/jre/17.0.7-linux-x86_64/lib/server/libjvm.so
7f9332062000-7f933211b000 r--p 011fe000 08:01 1835652                    /root/.vscode/extensions/redhat.java-1.20.0-linux-x64/jre/17.0.7-linux-x86_64/lib/server/libjvm.so
7f933211b000-7f9332150000 rw-p 012b7000 08:01 1835652                    /root/.vscode/extensions/redhat.java-1.20.0-linux-x64/jre/17.0.7-linux-x86_64/lib/server/libjvm.so
7f9332150000-7f93321aa000 rw-p 00000000 00:00 0 
7f93321ab000-7f93321d1000 r--p 00000000 08:01 4596591                    /usr/lib/x86_64-linux-gnu/libc.so.6
7f93321d1000-7f9332326000 r-xp 00026000 08:01 4596591                    /usr/lib/x86_64-linux-gnu/libc.so.6
7f9332326000-7f9332379000 r--p 0017b000 08:01 4596591                    /usr/lib/x86_64-linux-gnu/libc.so.6
7f9332379000-7f933237d000 r--p 001ce000 08:01 4596591                    /usr/lib/x86_64-linux-gnu/libc.so.6
7f933237d000-7f933237f000 rw-p 001d2000 08:01 4596591                    /usr/lib/x86_64-linux-gnu/libc.so.6
7f933237f000-7f933238c000 rw-p 00000000 00:00 0 
7f9332393000-7f9332394000 r--p 00000000 08:01 4596596                    /usr/lib/x86_64-linux-gnu/libdl.so.2
7f9332394000-7f9332395000 r-xp 00001000 08:01 4596596                    /usr/lib/x86_64-linux-gnu/libdl.so.2
7f9332395000-7f9332396000 r--p 00002000 08:01 4596596                    /usr/lib/x86_64-linux-gnu/libdl.so.2
7f9332396000-7f9332397000 r--p 00002000 08:01 4596596                    /usr/lib/x86_64-linux-gnu/libdl.so.2
7f9332397000-7f9332398000 rw-p 00003000 08:01 4596596                    /usr/lib/x86_64-linux-gnu/libdl.so.2
7f933239b000-7f933239c000 r--p 00000000 08:01 4596614                    /usr/lib/x86_64-linux-gnu/libpthread.so.0
7f933239c000-7f933239d000 r-xp 00001000 08:01 4596614                    /usr/lib/x86_64-linux-gnu/libpthread.so.0
7f933239d000-7f933239e000 r--p 00002000 08:01 4596614                    /usr/lib/x86_64-linux-gnu/libpthread.so.0
7f933239e000-7f933239f000 r--p 00002000 08:01 4596614                    /usr/lib/x86_64-linux-gnu/libpthread.so.0
7f933239f000-7f93323a0000 rw-p 00003000 08:01 4596614                    /usr/lib/x86_64-linux-gnu/libpthread.so.0
7f93323a3000-7f93323a6000 r--p 00000000 08:01 1835625                    /root/.vscode/extensions/redhat.java-1.20.0-linux-x64/jre/17.0.7-linux-x86_64/lib/libjli.so
7f93323a6000-7f93323b0000 r-xp 00003000 08:01 1835625                    /root/.vscode/extensions/redhat.java-1.20.0-linux-x64/jre/17.0.7-linux-x86_64/lib/libjli.so
7f93323b0000-7f93323b3000 r--p 0000d000 08:01 1835625                    /root/.vscode/extensions/redhat.java-1.20.0-linux-x64/jre/17.0.7-linux-x86_64/lib/libjli.so
7f93323b3000-7f93323b4000 ---p 00010000 08:01 1835625                    /root/.vscode/extensions/redhat.java-1.20.0-linux-x64/jre/17.0.7-linux-x86_64/lib/libjli.so
7f93323b4000-7f93323b5000 r--p 00010000 08:01 1835625                    /root/.vscode/extensions/redhat.java-1.20.0-linux-x64/jre/17.0.7-linux-x86_64/lib/libjli.so
7f93323b5000-7f93323b6000 rw-p 00011000 08:01 1835625                    /root/.vscode/extensions/redhat.java-1.20.0-linux-x64/jre/17.0.7-linux-x86_64/lib/libjli.so
7f93323bb000-7f93323be000 r--p 00000000 08:01 4589734                    /usr/lib/x86_64-linux-gnu/libz.so.1.2.11
7f93323be000-7f93323cf000 r-xp 00003000 08:01 4589734                    /usr/lib/x86_64-linux-gnu/libz.so.1.2.11
7f93323cf000-7f93323d5000 r--p 00014000 08:01 4589734                    /usr/lib/x86_64-linux-gnu/libz.so.1.2.11
7f93323d5000-7f93323d6000 ---p 0001a000 08:01 4589734                    /usr/lib/x86_64-linux-gnu/libz.so.1.2.11
7f93323d6000-7f93323d7000 r--p 0001a000 08:01 4589734                    /usr/lib/x86_64-linux-gnu/libz.so.1.2.11
7f93323d7000-7f93323d8000 rw-p 0001b000 08:01 4589734                    /usr/lib/x86_64-linux-gnu/libz.so.1.2.11
7f93323e3000-7f93323eb000 rw-s 00000000 08:01 2884631                    /tmp/hsperfdata_root/13201
7f93323ee000-7f93323ef000 ---p 00000000 00:00 0 
7f93323ef000-7f93323f0000 r--p 00000000 00:00 0 
7f93323f0000-7f93323f1000 ---p 00000000 00:00 0 
7f93323f1000-7f93323f3000 rw-p 00000000 00:00 0 
7f93323f3000-7f93323f4000 r--p 00000000 08:01 4596584                    /usr/lib/x86_64-linux-gnu/ld-linux-x86-64.so.2
7f93323f4000-7f9332419000 r-xp 00001000 08:01 4596584                    /usr/lib/x86_64-linux-gnu/ld-linux-x86-64.so.2
7f9332419000-7f9332423000 r--p 00026000 08:01 4596584                    /usr/lib/x86_64-linux-gnu/ld-linux-x86-64.so.2
7f9332423000-7f9332425000 r--p 00030000 08:01 4596584                    /usr/lib/x86_64-linux-gnu/ld-linux-x86-64.so.2
7f9332425000-7f9332427000 rw-p 00032000 08:01 4596584                    /usr/lib/x86_64-linux-gnu/ld-linux-x86-64.so.2
7f9332427000-7f933242b000 rw-p 00000000 00:00 0 
7ffd23483000-7ffd234a5000 rw-p 00000000 00:00 0                          [stack]
7ffd23513000-7ffd23517000 r--p 00000000 00:00 0                          [vvar]
7ffd23517000-7ffd23519000 r-xp 00000000 00:00 0                          [vdso]


VM Arguments:
jvm_args: -XX:+HeapDumpOnOutOfMemoryError -Xmx1024m -Dsts.lsp.client=vscode -Dsts.log.file=/logfile -XX:TieredStopAtLevel=1 -Xlog:jni+resolve=off -Dspring.config.location=file:/root/.vscode/extensions/vmware.vscode-spring-boot-1.47.0/language-server/BOOT-INF/classes/application.properties 
java_command: org.springframework.ide.vscode.boot.app.BootLanguageServerBootApp
java_class_path (initial): /root/.vscode/extensions/vmware.vscode-spring-boot-1.47.0/language-server/BOOT-INF/classes:/root/.vscode/extensions/vmware.vscode-spring-boot-1.47.0/language-server/BOOT-INF/lib/gradle-language-groovy-6.1.1.jar:/root/.vscode/extensions/vmware.vscode-spring-boot-1.47.0/language-server/BOOT-INF/lib/javolution-core-java-6.0.0.jar:/root/.vscode/extensions/vmware.vscode-spring-boot-1.47.0/language-server/BOOT-INF/lib/org.eclipse.osgi-3.18.300.jar:/root/.vscode/extensions/vmware.vscode-spring-boot-1.47.0/language-server/BOOT-INF/lib/guava-31.1-jre.jar:/root/.vscode/extensions/vmware.vscode-spring-boot-1.47.0/language-server/BOOT-INF/lib/micrometer-observation-1.10.2.jar:/root/.vscode/extensions/vmware.vscode-spring-boot-1.47.0/language-server/BOOT-INF/lib/org.eclipse.core.filesystem-1.9.500.jar:/root/.vscode/extensions/vmware.vscode-spring-boot-1.47.0/language-server/BOOT-INF/lib/org.eclipse.core.commands-3.10.300.jar:/root/.vscode/extensions/vmware.vscode-spring-boot-1.47.0/language-server/BOOT-INF/lib/logback-classic-1.4.5.jar:/root/.vscode/extensions/vmware.vscode-spring-boot-1.47.0/language-server/BOOT-INF/lib/java-properties-1.47.0-SNAPSHOT.jar:/root/.vscode/extensions/vmware.vscode-spring-boot-1.47.0/language-server/BOOT-INF/lib/logback-core-1.4.5.jar:/root/.vscode/extensions/vmware.vscode-spring-boot-1.47.0/language-server/BOOT-INF/lib/javax.inject-1.jar:/root/.vscode/extensions/vmware.vscode-spring-boot-1.47.0/language-server/BOOT-INF/lib/org.eclipse.lsp4j.generator-0.19.0.jar:/root/.vscode/extensions/vmware.vscode-spring-boot-1.47.0/language-server/BOOT-INF/lib/spring-beans-6.0.2.jar:/root/.vscode/extensions/vmware.vscode-spring-boot-1.47.0/language-server/BOOT-INF/lib/auto-value-annotations-1.9.jar:/root/.vscode/extensions/vmware.vscode-spring-boot-1.47.0/language-server/BOOT-INF/lib/jackson-datatype-jsr310-2.14.1.jar:/root/.vscode/extensions/vmware.vscode-spring-boot-1.47.0/language-server/BOOT-INF/lib/spring-expression-6.0.2.jar:/r
Launcher Type: SUN_STANDARD

[Global flags]
     intx CICompilerCount                          = 4                                         {product} {ergonomic}
     uint ConcGCThreads                            = 2                                         {product} {ergonomic}
     uint G1ConcRefinementThreads                  = 8                                         {product} {ergonomic}
   size_t G1HeapRegionSize                         = 1048576                                   {product} {ergonomic}
    uintx GCDrainStackTargetSize                   = 64                                        {product} {ergonomic}
     bool HeapDumpOnOutOfMemoryError               = true                                   {manageable} {command line}
   size_t InitialHeapSize                          = 197132288                                 {product} {ergonomic}
   size_t MarkStackSize                            = 4194304                                   {product} {ergonomic}
   size_t MaxHeapSize                              = 1073741824                                {product} {command line}
   size_t MaxNewSize                               = 643825664                                 {product} {ergonomic}
   size_t MinHeapDeltaBytes                        = 1048576                                   {product} {ergonomic}
   size_t MinHeapSize                              = 8388608                                   {product} {ergonomic}
    uintx NonProfiledCodeHeapSize                  = 0                                      {pd product} {ergonomic}
     bool ProfileInterpreter                       = false                                  {pd product} {command line}
    uintx ProfiledCodeHeapSize                     = 0                                      {pd product} {ergonomic}
   size_t SoftMaxHeapSize                          = 1073741824                             {manageable} {ergonomic}
     intx TieredStopAtLevel                        = 1                                         {product} {command line}
     bool UseCompressedClassPointers               = true                           {product lp64_product} {ergonomic}
     bool UseCompressedOops                        = true                           {product lp64_product} {ergonomic}
     bool UseG1GC                                  = true                                      {product} {ergonomic}

Logging:
Log output configuration:
 #0: stdout all=warning,jni+resolve=off uptime,level,tags
 #1: stderr all=off uptime,level,tags

Environment Variables:
PATH=/usr/local/sbin:/usr/local/bin:/usr/sbin:/usr/bin:/sbin:/bin
SHELL=/bin/bash
DISPLAY=:0.0
LANG=pt_BR.UTF-8
TERM=xterm-256color

Active Locale:
LC_ALL=pt_BR.UTF-8
LC_COLLATE=pt_BR.UTF-8
LC_CTYPE=pt_BR.UTF-8
LC_MESSAGES=pt_BR.UTF-8
LC_MONETARY=pt_BR.UTF-8
LC_NUMERIC=pt_BR.UTF-8
LC_TIME=pt_BR.UTF-8

Signal Handlers:
   SIGSEGV: crash_handler in libjvm.so, mask=11100100010111111101111111111110, flags=SA_RESTART|SA_SIGINFO, unblocked
    SIGBUS: crash_handler in libjvm.so, mask=11100100010111111101111111111110, flags=SA_RESTART|SA_SIGINFO, unblocked
    SIGFPE: crash_handler in libjvm.so, mask=11100100010111111101111111111110, flags=SA_RESTART|SA_SIGINFO, unblocked
   SIGPIPE: javaSignalHandler in libjvm.so, mask=11100100010111111101111111111110, flags=SA_RESTART|SA_SIGINFO, blocked
   SIGXFSZ: javaSignalHandler in libjvm.so, mask=11100100010111111101111111111110, flags=SA_RESTART|SA_SIGINFO, blocked
    SIGILL: crash_handler in libjvm.so, mask=11100100010111111101111111111110, flags=SA_RESTART|SA_SIGINFO, unblocked
   SIGUSR2: SR_handler in libjvm.so, mask=00000000000000000000000000000000, flags=SA_RESTART|SA_SIGINFO, blocked
    SIGHUP: UserHandler in libjvm.so, mask=11100100010111111101111111111110, flags=SA_RESTART|SA_SIGINFO, blocked
    SIGINT: UserHandler in libjvm.so, mask=11100100010111111101111111111110, flags=SA_RESTART|SA_SIGINFO, blocked
   SIGTERM: UserHandler in libjvm.so, mask=11100100010111111101111111111110, flags=SA_RESTART|SA_SIGINFO, blocked
   SIGQUIT: UserHandler in libjvm.so, mask=11100100010111111101111111111110, flags=SA_RESTART|SA_SIGINFO, blocked
   SIGTRAP: crash_handler in libjvm.so, mask=11100100010111111101111111111110, flags=SA_RESTART|SA_SIGINFO, unblocked


---------------  S Y S T E M  ---------------

OS:
PRETTY_NAME="Debian GNU/Linux 11 (bullseye)"
NAME="Debian GNU/Linux"
VERSION_ID="11"
VERSION="11 (bullseye)"
VERSION_CODENAME=bullseye
ID=debian
HOME_URL="https://www.debian.org/"
SUPPORT_URL="https://www.debian.org/support"
BUG_REPORT_URL="https://bugs.debian.org/"
uname: Linux 5.10.0-22-amd64 #1 SMP Debian 5.10.178-3 (2023-04-22) x86_64
OS uptime: 0 days 0:36 hours
libc: glibc 2.36 NPTL 2.36 
rlimit (soft/hard): STACK 8192k/infinity , CORE 0k/infinity , NPROC 47448/47448 , NOFILE 1048576/1048576 , AS infinity/infinity , CPU infinity/infinity , DATA infinity/infinity , FSIZE infinity/infinity , MEMLOCK 1535338k/1535338k
load average: 2,93 1,37 1,01

/proc/meminfo:
MemTotal:       12282708 kB
MemFree:         7552752 kB
MemAvailable:    9704352 kB
Buffers:           86060 kB
Cached:          2240960 kB
SwapCached:            0 kB
Active:           816860 kB
Inactive:        3544508 kB
Active(anon):       1904 kB
Inactive(anon):  2048544 kB
Active(file):     814956 kB
Inactive(file):  1495964 kB
Unevictable:         128 kB
Mlocked:             128 kB
SwapTotal:       3905532 kB
SwapFree:        3905532 kB
Dirty:              1348 kB
Writeback:             0 kB
AnonPages:       2028752 kB
Mapped:           545984 kB
Shmem:             19524 kB
KReclaimable:     156052 kB
Slab:             229092 kB
SReclaimable:     156052 kB
SUnreclaim:        73040 kB
KernelStack:       13568 kB
PageTables:        22936 kB
NFS_Unstable:          0 kB
Bounce:                0 kB
WritebackTmp:          0 kB
CommitLimit:    10046884 kB
Committed_AS:    5691892 kB
VmallocTotal:   34359738367 kB
VmallocUsed:       37936 kB
VmallocChunk:          0 kB
Percpu:             7136 kB
HardwareCorrupted:     0 kB
AnonHugePages:    745472 kB
ShmemHugePages:        0 kB
ShmemPmdMapped:        0 kB
FileHugePages:         0 kB
FilePmdMapped:         0 kB
HugePages_Total:       0
HugePages_Free:        0
HugePages_Rsvd:        0
HugePages_Surp:        0
Hugepagesize:       2048 kB
Hugetlb:               0 kB
DirectMap4k:      248148 kB
DirectMap2M:     8105984 kB
DirectMap1G:     4194304 kB

/sys/kernel/mm/transparent_hugepage/enabled: [always] madvise never
/sys/kernel/mm/transparent_hugepage/defrag (defrag/compaction efforts parameter): always defer defer+madvise [madvise] never

Process Memory:
Virtual Size: 6373684K (peak: 6373684K)
Resident Set Size: 276820K (peak: 276820K) (anon: 250724K, file: 26096K, shmem: 0K)
Swapped out: 0K
C-Heap outstanding allocations: 61087K, retained: 5196K
glibc malloc tunables: (default)

/proc/sys/kernel/threads-max (system-wide limit on the number of threads): 94896
/proc/sys/vm/max_map_count (maximum number of memory map areas a process may have): 65530
/proc/sys/kernel/pid_max (system-wide limit on number of process identifiers): 4194304

container (cgroup) information:
container_type: cgroupv2
cpu_cpuset_cpus: not supported
cpu_memory_nodes: not supported
active_processor_count: 8
cpu_quota: not supported
cpu_period: not supported
cpu_shares: not supported
memory_limit_in_bytes: unlimited
memory_and_swap_limit_in_bytes: unlimited
memory_soft_limit_in_bytes: unlimited
memory_usage_in_bytes: 1922752 k
memory_max_usage_in_bytes: not supported
memory_swap_current_in_bytes: unlimited
memory_swap_max_limit_in_bytes: unlimited
maximum number of tasks: unlimited
current number of tasks: 523

Steal ticks since vm start: 0
Steal ticks percentage since vm start:  0,000

CPU: total 8 (initial active 8) (8 cores per cpu, 1 threads per core) family 21 model 2 stepping 0 microcode 0x6000822, cx8, cmov, fxsr, mmx, 3dnowpref, sse, sse2, sse3, ssse3, sse4a, sse4.1, sse4.2, popcnt, lzcnt, tsc, tscinvbit, avx, aes, clmul, bmi1, fma, vzeroupper, clflush
CPU Model and flags from /proc/cpuinfo:
model name	: AMD FX(tm)-8350 Eight-Core Processor
flags		: fpu vme de pse tsc msr pae mce cx8 apic sep mtrr pge mca cmov pat pse36 clflush mmx fxsr sse sse2 ht syscall nx mmxext fxsr_opt pdpe1gb rdtscp lm constant_tsc rep_good nopl nonstop_tsc cpuid extd_apicid aperfmperf pni pclmulqdq monitor ssse3 fma cx16 sse4_1 sse4_2 popcnt aes xsave avx f16c lahf_lm cmp_legacy svm extapic cr8_legacy abm sse4a misalignsse 3dnowprefetch osvw ibs xop skinit wdt lwp fma4 tce nodeid_msr tbm topoext perfctr_core perfctr_nb cpb hw_pstate ssbd vmmcall bmi1 arat npt lbrv svm_lock nrip_save tsc_scale vmcb_clean flushbyasid decodeassists pausefilter pfthreshold

Online cpus: 0-7
Offline cpus: 
BIOS frequency limitation: 4000000
Frequency switch latency (ns): 4000
Available cpu frequencies: 4000000 3400000 2800000 2100000 1400000 
Current governor: schedutil
Core performance/turbo boost: 1

Memory: 4k page, physical 12282708k(7552752k free), swap 3905532k(3905532k free)
Page Sizes: 4k

vm_info: OpenJDK 64-Bit Server VM (17.0.7+7) for linux-amd64 JRE (17.0.7+7), built on Apr 18 2023 00:00:00 by "temurin" with gcc 10.3.0

END.
